Copyright 1986-2022 Xilinx, Inc. All Rights Reserved. Copyright 2022-2024 Advanced Micro Devices, Inc. All Rights Reserved.
---------------------------------------------------------------------------------------------------------------------------------------------
| Tool Version : Vivado v.2024.1 (lin64) Build 5076996 Wed May 22 18:36:09 MDT 2024
| Date         : Fri Apr 10 13:14:53 2026
| Host         : liujiawei-ubuntu running 64-bit Ubuntu 22.04.5 LTS
| Command      : report_utilization -file als_system_wrapper_utilization_placed.rpt -pb als_system_wrapper_utilization_placed.pb
| Design       : als_system_wrapper
| Device       : xczu2cg-sfvc784-1-e
| Speed File   : -1
| Design State : Fully Placed
---------------------------------------------------------------------------------------------------------------------------------------------

Utilization Design Information

Table of Contents
-----------------
1. CLB Logic
1.1 Summary of Registers by Type
2. CLB Logic Distribution
3. BLOCKRAM
4. ARITHMETIC
5. I/O
6. CLOCK
7. ADVANCED
8. CONFIGURATION
9. Primitives
10. Black Boxes
11. Instantiated Netlists

1. CLB Logic
------------

+----------------------------+-------+-------+------------+-----------+-------+
|          Site Type         |  Used | Fixed | Prohibited | Available | Util% |
+----------------------------+-------+-------+------------+-----------+-------+
| CLB LUTs                   | 12479 |     0 |          0 |     47232 | 26.42 |
|   LUT as Logic             | 11178 |     0 |          0 |     47232 | 23.67 |
|   LUT as Memory            |  1301 |     0 |          0 |     28800 |  4.52 |
|     LUT as Distributed RAM |  1020 |     0 |            |           |       |
|     LUT as Shift Register  |   281 |     0 |            |           |       |
| CLB Registers              | 31233 |     0 |          0 |     94464 | 33.06 |
|   Register as Flip Flop    | 31233 |     0 |          0 |     94464 | 33.06 |
|   Register as Latch        |     0 |     0 |          0 |     94464 |  0.00 |
| CARRY8                     |    92 |     0 |          0 |      8820 |  1.04 |
| F7 Muxes                   |  2456 |     0 |          0 |     35280 |  6.96 |
| F8 Muxes                   |  1152 |     0 |          0 |     17640 |  6.53 |
| F9 Muxes                   |     0 |     0 |          0 |      8820 |  0.00 |
+----------------------------+-------+-------+------------+-----------+-------+
* Warning! LUT value is adjusted to account for LUT combining.


1.1 Summary of Registers by Type
--------------------------------

+-------+--------------+-------------+--------------+
| Total | Clock Enable | Synchronous | Asynchronous |
+-------+--------------+-------------+--------------+
| 0     |            _ |           - |            - |
| 0     |            _ |           - |          Set |
| 0     |            _ |           - |        Reset |
| 0     |            _ |         Set |            - |
| 0     |            _ |       Reset |            - |
| 0     |          Yes |           - |            - |
| 0     |          Yes |           - |          Set |
| 66    |          Yes |           - |        Reset |
| 374   |          Yes |         Set |            - |
| 30793 |          Yes |       Reset |            - |
+-------+--------------+-------------+--------------+


2. CLB Logic Distribution
-------------------------

+--------------------------------------------+-------+-------+------------+-----------+-------+
|                  Site Type                 |  Used | Fixed | Prohibited | Available | Util% |
+--------------------------------------------+-------+-------+------------+-----------+-------+
| CLB                                        |  6479 |     0 |          0 |      8820 | 73.46 |
|   CLBL                                     |  3899 |     0 |            |           |       |
|   CLBM                                     |  2580 |     0 |            |           |       |
| LUT as Logic                               | 11178 |     0 |          0 |     47232 | 23.67 |
|   using O5 output only                     |   327 |       |            |           |       |
|   using O6 output only                     |  8835 |       |            |           |       |
|   using O5 and O6                          |  2016 |       |            |           |       |
| LUT as Memory                              |  1301 |     0 |          0 |     28800 |  4.52 |
|   LUT as Distributed RAM                   |  1020 |     0 |            |           |       |
|     using O5 output only                   |     0 |       |            |           |       |
|     using O6 output only                   |     4 |       |            |           |       |
|     using O5 and O6                        |  1016 |       |            |           |       |
|   LUT as Shift Register                    |   281 |     0 |            |           |       |
|     using O5 output only                   |     0 |       |            |           |       |
|     using O6 output only                   |   161 |       |            |           |       |
|     using O5 and O6                        |   120 |       |            |           |       |
| CLB Registers                              | 31233 |     0 |          0 |     94464 | 33.06 |
|   Register driven from within the CLB      |  6652 |       |            |           |       |
|   Register driven from outside the CLB     | 24581 |       |            |           |       |
|     LUT in front of the register is unused | 20474 |       |            |           |       |
|     LUT in front of the register is used   |  4107 |       |            |           |       |
| Unique Control Sets                        |   764 |       |          0 |     17640 |  4.33 |
+--------------------------------------------+-------+-------+------------+-----------+-------+
* * Note: Available Control Sets calculated as Slices * 2, Review the Control Sets Report for more information regarding control sets.


3. BLOCKRAM
-----------

+-------------------+------+-------+------------+-----------+-------+
|     Site Type     | Used | Fixed | Prohibited | Available | Util% |
+-------------------+------+-------+------------+-----------+-------+
| Block RAM Tile    |    3 |     0 |          0 |       150 |  2.00 |
|   RAMB36/FIFO*    |    2 |     0 |          0 |       150 |  1.33 |
|     RAMB36E2 only |    2 |       |            |           |       |
|   RAMB18          |    2 |     0 |          0 |       300 |  0.67 |
|     RAMB18E2 only |    2 |       |            |           |       |
+-------------------+------+-------+------------+-----------+-------+
* Note: Each Block RAM Tile only has one FIFO logic available and therefore can accommodate only one FIFO36E2 or one FIFO18E2. However, if a FIFO18E2 occupies a Block RAM Tile, that tile can still accommodate a RAMB18E2


4. ARITHMETIC
-------------

+----------------+------+-------+------------+-----------+-------+
|    Site Type   | Used | Fixed | Prohibited | Available | Util% |
+----------------+------+-------+------------+-----------+-------+
| DSPs           |    8 |     0 |          0 |       240 |  3.33 |
|   DSP48E2 only |    8 |       |            |           |       |
+----------------+------+-------+------------+-----------+-------+


5. I/O
------

+------------------+------+-------+------------+-----------+-------+
|     Site Type    | Used | Fixed | Prohibited | Available | Util% |
+------------------+------+-------+------------+-----------+-------+
| Bonded IOB       |    0 |     0 |          0 |       252 |  0.00 |
| HPIOB_M          |    0 |     0 |          0 |        72 |  0.00 |
| HPIOB_S          |    0 |     0 |          0 |        72 |  0.00 |
| HDIOB_M          |    0 |     0 |          0 |        48 |  0.00 |
| HDIOB_S          |    0 |     0 |          0 |        48 |  0.00 |
| HPIOB_SNGL       |    0 |     0 |          0 |        12 |  0.00 |
| HPIOBDIFFINBUF   |    0 |     0 |          0 |        72 |  0.00 |
| HPIOBDIFFOUTBUF  |    0 |     0 |          0 |        72 |  0.00 |
| HDIOBDIFFINBUF   |    0 |     0 |          0 |        48 |  0.00 |
| BITSLICE_CONTROL |    0 |     0 |          0 |        24 |  0.00 |
| BITSLICE_RX_TX   |    0 |     0 |          0 |       936 |  0.00 |
| BITSLICE_TX      |    0 |     0 |          0 |        24 |  0.00 |
| RIU_OR           |    0 |     0 |          0 |        12 |  0.00 |
+------------------+------+-------+------------+-----------+-------+


6. CLOCK
--------

+------------+------+-------+------------+-----------+-------+
|  Site Type | Used | Fixed | Prohibited | Available | Util% |
+------------+------+-------+------------+-----------+-------+
| BUFGCE     |    1 |     0 |          0 |        88 |  1.14 |
| BUFGCE_DIV |    0 |     0 |          0 |        12 |  0.00 |
| BUFG_PS    |    1 |     0 |          0 |        72 |  1.39 |
| BUFGCTRL*  |    0 |     0 |          0 |        24 |  0.00 |
| PLL        |    0 |     0 |          0 |         6 |  0.00 |
| MMCM       |    0 |     0 |          0 |         3 |  0.00 |
+------------+------+-------+------------+-----------+-------+
* Note: Each used BUFGCTRL counts as two GLOBAL CLOCK BUFFERs. This table does not include global clocking resources, only buffer cell usage. See the Clock Utilization Report (report_clock_utilization) for detailed accounting of global clocking resource availability.


7. ADVANCED
-----------

+-----------+------+-------+------------+-----------+--------+
| Site Type | Used | Fixed | Prohibited | Available |  Util% |
+-----------+------+-------+------------+-----------+--------+
| PS8       |    1 |     0 |          0 |         1 | 100.00 |
| SYSMONE4  |    0 |     0 |          0 |         1 |   0.00 |
+-----------+------+-------+------------+-----------+--------+


8. CONFIGURATION
----------------

+-------------+------+-------+------------+-----------+-------+
|  Site Type  | Used | Fixed | Prohibited | Available | Util% |
+-------------+------+-------+------------+-----------+-------+
| BSCANE2     |    0 |     0 |          0 |         4 |  0.00 |
| DNA_PORTE2  |    0 |     0 |          0 |         1 |  0.00 |
| EFUSE_USR   |    0 |     0 |          0 |         1 |  0.00 |
| FRAME_ECCE4 |    0 |     0 |          0 |         1 |  0.00 |
| ICAPE3      |    0 |     0 |          0 |         2 |  0.00 |
| MASTER_JTAG |    0 |     0 |          0 |         1 |  0.00 |
| STARTUPE3   |    0 |     0 |          0 |         1 |  0.00 |
+-------------+------+-------+------------+-----------+-------+


9. Primitives
-------------

+----------+-------+---------------------+
| Ref Name |  Used | Functional Category |
+----------+-------+---------------------+
| FDRE     | 30793 |            Register |
| LUT6     |  6785 |                 CLB |
| LUT3     |  2593 |                 CLB |
| MUXF7    |  2456 |                 CLB |
| RAMD32   |  1776 |                 CLB |
| LUT4     |  1421 |                 CLB |
| LUT5     |  1167 |                 CLB |
| MUXF8    |  1152 |                 CLB |
| LUT2     |   932 |                 CLB |
| FDSE     |   374 |            Register |
| SRL16E   |   352 |                 CLB |
| LUT1     |   296 |                 CLB |
| RAMS32   |   260 |                 CLB |
| CARRY8   |    92 |                 CLB |
| FDCE     |    66 |            Register |
| SRLC32E  |    49 |                 CLB |
| DSP48E2  |     8 |          Arithmetic |
| RAMB36E2 |     2 |            BLOCKRAM |
| RAMB18E2 |     2 |            BLOCKRAM |
| PS8      |     1 |            Advanced |
| BUFG_PS  |     1 |               Clock |
| BUFGCE   |     1 |               Clock |
+----------+-------+---------------------+


10. Black Boxes
---------------

+----------+------+
| Ref Name | Used |
+----------+------+


11. Instantiated Netlists
-------------------------

+--------------------------------------+------+
|               Ref Name               | Used |
+--------------------------------------+------+
| als_system_zynq_ultra_ps_e_0_0       |    1 |
| als_system_rst_ps8_0_99M_0           |    1 |
| als_system_axis_subset_converter_1_0 |    1 |
| als_system_axis_subset_converter_0_0 |    1 |
| als_system_axi_smc_0                 |    1 |
| als_system_axi_dma_0_0               |    1 |
| als_system_auto_pc_0                 |    1 |
| als_system_als_core_0_0              |    1 |
+--------------------------------------+------+


