Copyright 1986-2022 Xilinx, Inc. All Rights Reserved. Copyright 2022-2024 Advanced Micro Devices, Inc. All Rights Reserved.
----------------------------------------------------------------------------------------------------------------------------------------------------------------------------
| Tool Version     : Vivado v.2024.1 (lin64) Build 5076996 Wed May 22 18:36:09 MDT 2024
| Date             : Fri Apr 10 13:17:19 2026
| Host             : liujiawei-ubuntu running 64-bit Ubuntu 22.04.5 LTS
| Command          : report_power -file als_system_wrapper_power_routed.rpt -pb als_system_wrapper_power_summary_routed.pb -rpx als_system_wrapper_power_routed.rpx
| Design           : als_system_wrapper
| Device           : xczu2cg-sfvc784-1-e
| Design State     : routed
| Grade            : extended
| Process          : typical
| Characterization : Production
----------------------------------------------------------------------------------------------------------------------------------------------------------------------------

Power Report

Table of Contents
-----------------
1. Summary
1.1 On-Chip Components
1.2 Power Supply Summary
1.3 Confidence Level
2. Settings
2.1 Environment
2.2 Clock Constraints
3. Detailed Reports
3.1 By Hierarchy

1. Summary
----------

+--------------------------+--------------+
| Total On-Chip Power (W)  | 2.472        |
| Design Power Budget (W)  | Unspecified* |
| Power Budget Margin (W)  | NA           |
| Dynamic (W)              | 2.159        |
| Device Static (W)        | 0.313        |
| Effective TJA (C/W)      | 2.4          |
| Max Ambient (C)          | 94.2         |
| Junction Temperature (C) | 30.8         |
| Confidence Level         | Medium       |
| Setting File             | ---          |
| Simulation Activity File | ---          |
| Design Nets Matched      | NA           |
+--------------------------+--------------+
* Specify Design Power Budget using, set_operating_conditions -design_power_budget <value in Watts>


1.1 On-Chip Components
----------------------

+--------------------------+-----------+----------+-----------+-----------------+
| On-Chip                  | Power (W) | Used     | Available | Utilization (%) |
+--------------------------+-----------+----------+-----------+-----------------+
| Clocks                   |     0.064 |        3 |       --- |             --- |
| CLB Logic                |     0.048 |    51198 |       --- |             --- |
|   LUT as Distributed RAM |     0.032 |     1020 |     28800 |            3.54 |
|   LUT as Logic           |     0.012 |    11178 |     47232 |           23.67 |
|   Register               |     0.002 |    31233 |     94464 |           33.06 |
|   LUT as Shift Register  |    <0.001 |      281 |     28800 |            0.98 |
|   CARRY8                 |    <0.001 |       92 |      8820 |            1.04 |
|   Others                 |     0.000 |      633 |       --- |             --- |
|   F7/F8 Muxes            |     0.000 |     3608 |     70560 |            5.11 |
|   BUFG                   |     0.000 |        1 |        24 |            4.17 |
| Signals                  |     0.022 |    37061 |       --- |             --- |
| Block RAM                |     0.002 |        3 |       150 |            2.00 |
| DSPs                     |     0.003 |        8 |       240 |            3.33 |
| PS8                      |     2.021 |        1 |       --- |             --- |
| Static Power             |     0.313 |          |           |                 |
|   PS Static              |     0.097 |          |           |                 |
|   PL Static              |     0.216 |          |           |                 |
| Total                    |     2.472 |          |           |                 |
+--------------------------+-----------+----------+-----------+-----------------+


1.2 Power Supply Summary
------------------------

+-----------------+-------------+-----------+-------------+------------+-------------+-------------+------------+
| Source          | Voltage (V) | Total (A) | Dynamic (A) | Static (A) | Powerup (A) | Budget (A)  | Margin (A) |
+-----------------+-------------+-----------+-------------+------------+-------------+-------------+------------+
| Vccint          |       0.850 |     0.217 |       0.163 |      0.054 |       NA    | Unspecified | NA         |
| Vccint_io       |       0.850 |     0.027 |       0.000 |      0.027 |       NA    | Unspecified | NA         |
| Vccbram         |       0.850 |     0.001 |       0.000 |      0.001 |       NA    | Unspecified | NA         |
| Vccaux          |       1.800 |     0.048 |       0.000 |      0.048 |       NA    | Unspecified | NA         |
| Vccaux_io       |       1.800 |     0.025 |       0.000 |      0.025 |       NA    | Unspecified | NA         |
| Vcco33          |       3.300 |     0.000 |       0.000 |      0.000 |       NA    | Unspecified | NA         |
| Vcco25          |       2.500 |     0.000 |       0.000 |      0.000 |       NA    | Unspecified | NA         |
| Vcco18          |       1.800 |     0.000 |       0.000 |      0.000 |       NA    | Unspecified | NA         |
| Vcco15          |       1.500 |     0.000 |       0.000 |      0.000 |       NA    | Unspecified | NA         |
| Vcco135         |       1.350 |     0.000 |       0.000 |      0.000 |       NA    | Unspecified | NA         |
| Vcco12          |       1.200 |     0.000 |       0.000 |      0.000 |       NA    | Unspecified | NA         |
| Vcco10          |       1.000 |     0.000 |       0.000 |      0.000 |       NA    | Unspecified | NA         |
| Vccadc          |       1.800 |     0.008 |       0.000 |      0.008 |       NA    | Unspecified | NA         |
| VCC_PSINTFP     |       0.850 |     0.360 |       0.331 |      0.029 |       NA    | Unspecified | NA         |
| VCC_PSINTLP     |       0.850 |     0.222 |       0.215 |      0.007 |       NA    | Unspecified | NA         |
| VPS_MGTRAVCC    |       0.850 |     0.001 |       0.000 |      0.001 |       NA    | Unspecified | NA         |
| VCC_PSINTFP_DDR |       0.850 |     0.821 |       0.816 |      0.005 |       NA    | Unspecified | NA         |
| VCC_PSPLL       |       1.200 |     0.070 |       0.068 |      0.002 |       NA    | Unspecified | NA         |
| VPS_MGTRAVTT    |       1.800 |     0.001 |       0.000 |      0.001 |       NA    | Unspecified | NA         |
| VCCO_PSDDR_504  |       1.200 |     0.677 |       0.643 |      0.034 |       NA    | Unspecified | NA         |
| VCC_PSAUX       |       1.800 |     0.002 |       0.000 |      0.002 |       NA    | Unspecified | NA         |
| VCC_PSBATT      |       1.200 |     0.000 |       0.000 |      0.000 |       NA    | Unspecified | NA         |
| VCC_PSDDR_PLL   |       1.800 |     0.001 |       0.000 |      0.001 |       NA    | Unspecified | NA         |
| VCCO_PSIO0_500  |       3.300 |     0.002 |       0.001 |      0.001 |       NA    | Unspecified | NA         |
| VCCO_PSIO1_501  |       3.300 |     0.002 |       0.001 |      0.001 |       NA    | Unspecified | NA         |
| VCCO_PSIO2_502  |       3.300 |     0.001 |       0.000 |      0.001 |       NA    | Unspecified | NA         |
| VCCO_PSIO3_503  |       3.300 |     0.001 |       0.000 |      0.001 |       NA    | Unspecified | NA         |
| VCC_PSADC       |       1.800 |     0.002 |       0.000 |      0.002 |       NA    | Unspecified | NA         |
+-----------------+-------------+-----------+-------------+------------+-------------+-------------+------------+


1.3 Confidence Level
--------------------

+-----------------------------+------------+------------------------------------------------+------------------------------------------------------------------------------------------------------------+
| User Input Data             | Confidence | Details                                        | Action                                                                                                     |
+-----------------------------+------------+------------------------------------------------+------------------------------------------------------------------------------------------------------------+
| Design implementation state | High       | Design is routed                               |                                                                                                            |
| Clock nodes activity        | High       | User specified more than 95% of clocks         |                                                                                                            |
| I/O nodes activity          | High       | User specified more than 95% of inputs         |                                                                                                            |
| Internal nodes activity     | Medium     | User specified less than 25% of internal nodes | Provide missing internal nodes activity with simulation results or by editing the "By Resource Type" views |
| Device models               | High       | Device models are Production                   |                                                                                                            |
|                             |            |                                                |                                                                                                            |
| Overall confidence level    | Medium     |                                                |                                                                                                            |
+-----------------------------+------------+------------------------------------------------+------------------------------------------------------------------------------------------------------------+


2. Settings
-----------

2.1 Environment
---------------

+-----------------------+--------------------------+
| Ambient Temp (C)      | 25.0                     |
| ThetaJA (C/W)         | 2.4                      |
| Airflow (LFM)         | 250                      |
| Heat Sink             | medium (Medium Profile)  |
| ThetaSA (C/W)         | 5.5                      |
| Board Selection       | medium (10"x10")         |
| # of Board Layers     | 12to15 (12 to 15 Layers) |
| Board Temperature (C) | 25.0                     |
+-----------------------+--------------------------+


2.2 Clock Constraints
---------------------

+----------+----------------------------------------------------------+-----------------+
| Clock    | Domain                                                   | Constraint (ns) |
+----------+----------------------------------------------------------+-----------------+
| clk_pl_0 | als_system_i/zynq_ultra_ps_e_0/inst/pl_clk_unbuffered[0] |            10.0 |
+----------+----------------------------------------------------------+-----------------+


3. Detailed Reports
-------------------

3.1 By Hierarchy
----------------

+-----------------------+-----------+
| Name                  | Power (W) |
+-----------------------+-----------+
| als_system_wrapper    |     2.159 |
|   als_system_i        |     2.159 |
|     als_core_0        |     0.048 |
|       inst            |     0.048 |
|     axi_dma_0         |     0.018 |
|       U0              |     0.018 |
|     axi_smc           |     0.069 |
|       inst            |     0.069 |
|     ps8_0_axi_periph  |     0.002 |
|       s00_couplers    |     0.002 |
|     zynq_ultra_ps_e_0 |     2.021 |
|       inst            |     2.021 |
+-----------------------+-----------+


