Copyright 1986-2022 Xilinx, Inc. All Rights Reserved. Copyright 2022-2024 Advanced Micro Devices, Inc. All Rights Reserved.
--------------------------------------------------------------------------------------------------------------------------------------------------
| Tool Version      : Vivado v.2024.1 (lin64) Build 5076996 Wed May 22 18:36:09 MDT 2024
| Date              : Thu Apr  9 01:41:41 2026
| Host              : liujiawei-ubuntu running 64-bit Ubuntu 22.04.5 LTS
| Command           : report_timing_summary -file timing_post_synth.rpt
| Design            : als_core_top
| Device            : xczu2cg-sfvc784
| Speed File        : -1  PRODUCTION 1.30 05-15-2022
| Design State      : Synthesized
| Temperature Grade : E
--------------------------------------------------------------------------------------------------------------------------------------------------

Timing Summary Report

------------------------------------------------------------------------------------------------
| Timer Settings
| --------------
------------------------------------------------------------------------------------------------

  Enable Multi Corner Analysis               :  Yes
  Enable Pessimism Removal                   :  Yes
  Pessimism Removal Resolution               :  Nearest Common Node
  Enable Input Delay Default Clock           :  No
  Enable Preset / Clear Arcs                 :  No
  Disable Flight Delays                      :  No
  Ignore I/O Paths                           :  No
  Timing Early Launch at Borrowing Latches   :  No
  Borrow Time for Max Delay Exceptions       :  Yes
  Merge Timing Exceptions                    :  Yes
  Inter-SLR Compensation                     :  Conservative

  Corner  Analyze    Analyze    
  Name    Max Paths  Min Paths  
  ------  ---------  ---------  
  Slow    Yes        Yes        
  Fast    Yes        Yes        


------------------------------------------------------------------------------------------------
| Report Methodology
| ------------------
------------------------------------------------------------------------------------------------

No report available as report_methodology has not been run prior. Run report_methodology on the current design for the summary of methodology violations.



check_timing report

Table of Contents
-----------------
1. checking no_clock (0)
2. checking constant_clock (0)
3. checking pulse_width_clock (0)
4. checking unconstrained_internal_endpoints (0)
5. checking no_input_delay (52)
6. checking no_output_delay (51)
7. checking multiple_clock (0)
8. checking generated_clocks (0)
9. checking loops (0)
10. checking partial_input_delay (0)
11. checking partial_output_delay (0)
12. checking latch_loops (0)

1. checking no_clock (0)
------------------------
 There are 0 register/latch pins with no clock.


2. checking constant_clock (0)
------------------------------
 There are 0 register/latch pins with constant_clock.


3. checking pulse_width_clock (0)
---------------------------------
 There are 0 register/latch pins which need pulse_width check


4. checking unconstrained_internal_endpoints (0)
------------------------------------------------
 There are 0 pins that are not constrained for maximum delay.

 There are 0 pins that are not constrained for maximum delay due to constant clock.


5. checking no_input_delay (52)
-------------------------------
 There are 52 input ports with no input delay specified. (HIGH)

 There are 0 input ports with no input delay but user has a false path constraint.


6. checking no_output_delay (51)
--------------------------------
 There are 51 ports with no output delay specified. (HIGH)

 There are 0 ports with no output delay but user has a false path constraint

 There are 0 ports with no output delay but with a timing clock defined on it or propagating through it


7. checking multiple_clock (0)
------------------------------
 There are 0 register/latch pins with multiple clocks.


8. checking generated_clocks (0)
--------------------------------
 There are 0 generated clocks that are not connected to a clock source.


9. checking loops (0)
---------------------
 There are 0 combinational loops in the design.


10. checking partial_input_delay (0)
------------------------------------
 There are 0 input ports with partial input delay specified.


11. checking partial_output_delay (0)
-------------------------------------
 There are 0 ports with partial output delay specified.


12. checking latch_loops (0)
----------------------------
 There are 0 combinational latch loops in the design through latch input



------------------------------------------------------------------------------------------------
| Design Timing Summary
| ---------------------
------------------------------------------------------------------------------------------------

    WNS(ns)      TNS(ns)  TNS Failing Endpoints  TNS Total Endpoints      WHS(ns)      THS(ns)  THS Failing Endpoints  THS Total Endpoints     WPWS(ns)     TPWS(ns)  TPWS Failing Endpoints  TPWS Total Endpoints  
    -------      -------  ---------------------  -------------------      -------      -------  ---------------------  -------------------     --------     --------  ----------------------  --------------------  
      3.096        0.000                      0                33341        0.081        0.000                      0                33341        4.725        0.000                       0                 19559  


All user specified timing constraints are met.


------------------------------------------------------------------------------------------------
| Clock Summary
| -------------
------------------------------------------------------------------------------------------------

Clock  Waveform(ns)       Period(ns)      Frequency(MHz)
-----  ------------       ----------      --------------
aclk   {0.000 5.000}      10.000          100.000         


------------------------------------------------------------------------------------------------
| Intra Clock Table
| -----------------
------------------------------------------------------------------------------------------------

Clock             WNS(ns)      TNS(ns)  TNS Failing Endpoints  TNS Total Endpoints      WHS(ns)      THS(ns)  THS Failing Endpoints  THS Total Endpoints     WPWS(ns)     TPWS(ns)  TPWS Failing Endpoints  TPWS Total Endpoints  
-----             -------      -------  ---------------------  -------------------      -------      -------  ---------------------  -------------------     --------     --------  ----------------------  --------------------  
aclk                3.096        0.000                      0                33341        0.081        0.000                      0                33341        4.725        0.000                       0                 19559  


------------------------------------------------------------------------------------------------
| Inter Clock Table
| -----------------
------------------------------------------------------------------------------------------------

From Clock    To Clock          WNS(ns)      TNS(ns)  TNS Failing Endpoints  TNS Total Endpoints      WHS(ns)      THS(ns)  THS Failing Endpoints  THS Total Endpoints  
----------    --------          -------      -------  ---------------------  -------------------      -------      -------  ---------------------  -------------------  


------------------------------------------------------------------------------------------------
| Other Path Groups Table
| -----------------------
------------------------------------------------------------------------------------------------

Path Group    From Clock    To Clock          WNS(ns)      TNS(ns)  TNS Failing Endpoints  TNS Total Endpoints      WHS(ns)      THS(ns)  THS Failing Endpoints  THS Total Endpoints  
----------    ----------    --------          -------      -------  ---------------------  -------------------      -------      -------  ---------------------  -------------------  


------------------------------------------------------------------------------------------------
| Timing Details
| --------------
------------------------------------------------------------------------------------------------


---------------------------------------------------------------------------------------------------
From Clock:  aclk
  To Clock:  aclk

Setup :            0  Failing Endpoints,  Worst Slack        3.096ns,  Total Violation        0.000ns
Hold  :            0  Failing Endpoints,  Worst Slack        0.081ns,  Total Violation        0.000ns
PW    :            0  Failing Endpoints,  Worst Slack        4.725ns,  Total Violation        0.000ns
---------------------------------------------------------------------------------------------------


Max Delay Paths
--------------------------------------------------------------------------------------
Slack (MET) :             3.096ns  (required time - arrival time)
  Source:                 u_diffusion/col_cnt_reg[3]_rep__1/C
                            (rising edge-triggered cell FDRE clocked by aclk  {rise@0.000ns fall@5.000ns period=10.000ns})
  Destination:            u_diffusion/m_axis_tdata_reg[47]/R
                            (rising edge-triggered cell FDRE clocked by aclk  {rise@0.000ns fall@5.000ns period=10.000ns})
  Path Group:             aclk
  Path Type:              Setup (Max at Slow Process Corner)
  Requirement:            10.000ns  (aclk rise@10.000ns - aclk rise@0.000ns)
  Data Path Delay:        6.797ns  (logic 3.613ns (53.156%)  route 3.184ns (46.844%))
  Logic Levels:           22  (CARRY8=8 DSP_A_B_DATA=1 DSP_ALU=1 DSP_M_DATA=1 DSP_MULTIPLIER=1 DSP_OUTPUT=1 DSP_PREADD_DATA=1 LUT1=1 LUT2=1 LUT4=2 LUT5=1 LUT6=3)
  Clock Uncertainty:      0.035ns  ((TSJ^2 + TIJ^2)^1/2 + DJ) / 2 + PE
    Total System Jitter     (TSJ):    0.071ns
    Total Input Jitter      (TIJ):    0.000ns
    Discrete Jitter          (DJ):    0.000ns
    Phase Error              (PE):    0.000ns

    Location             Delay type                Incr(ns)  Path(ns)    Netlist Resource(s)
  -------------------------------------------------------------------    -------------------
                         (clock aclk rise edge)       0.000     0.000 r  
                                                      0.000     0.000 r  aclk (IN)
                         net (fo=19581, unset)        0.000     0.000    u_diffusion/aclk
                         FDRE                                         r  u_diffusion/col_cnt_reg[3]_rep__1/C
  -------------------------------------------------------------------    -------------------
                         FDRE (Prop_FDRE_C_Q)         0.093     0.093 r  u_diffusion/col_cnt_reg[3]_rep__1/Q
                         net (fo=114, unplaced)       0.265     0.358    u_diffusion/col_cnt_reg[3]_rep__1_n_0
                         LUT6 (Prop_LUT6_I0_O)        0.179     0.537 r  u_diffusion/v1_i_88/O
                         net (fo=3, unplaced)         0.220     0.757    u_diffusion/v1_i_88_n_0
                         LUT6 (Prop_LUT6_I5_O)        0.040     0.797 r  u_diffusion/v1_i_64/O
                         net (fo=32, unplaced)        0.216     1.013    u_diffusion/rt1
                         LUT4 (Prop_LUT4_I0_O)        0.122     1.135 r  u_diffusion/v1_i_77/O
                         net (fo=1, unplaced)         0.287     1.422    u_diffusion/v1_i_77_n_0
                         CARRY8 (Prop_CARRY8_DI[0]_CO[7])
                                                      0.177     1.599 r  u_diffusion/v1_i_46/CO[7]
                         net (fo=1, unplaced)         0.007     1.606    u_diffusion/v1_i_46_n_0
                         CARRY8 (Prop_CARRY8_CI_O[4])
                                                      0.109     1.715 r  u_diffusion/v1_i_41/O[4]
                         net (fo=2, unplaced)         0.212     1.927    u_diffusion/v1_i_41_n_11
                         LUT5 (Prop_LUT5_I0_O)        0.040     1.967 r  u_diffusion/v1_i_11/O
                         net (fo=2, unplaced)         0.214     2.181    u_diffusion/v1_i_11_n_0
                         LUT6 (Prop_LUT6_I0_O)        0.038     2.219 r  u_diffusion/v1_i_19/O
                         net (fo=1, unplaced)         0.031     2.250    u_diffusion/v1_i_19_n_0
                         CARRY8 (Prop_CARRY8_S[5]_CO[7])
                                                      0.209     2.459 r  u_diffusion/v1_i_2/CO[7]
                         net (fo=1, unplaced)         0.007     2.466    u_diffusion/v1_i_2_n_0
                         CARRY8 (Prop_CARRY8_CI_O[3])
                                                      0.104     2.570 f  u_diffusion/v1_i_1/O[3]
                         net (fo=11, unplaced)        0.274     2.844    u_diffusion/v1/A[20]
                         DSP_A_B_DATA (Prop_DSP_A_B_DATA_A[20]_A2_DATA[20])
                                                      0.241     3.085 r  u_diffusion/v1/DSP_A_B_DATA_INST/A2_DATA[20]
                         net (fo=1, unplaced)         0.000     3.085    u_diffusion/v1/DSP_A_B_DATA.A2_DATA<20>
                         DSP_PREADD_DATA (Prop_DSP_PREADD_DATA_A2_DATA[20]_A2A1[20])
                                                      0.098     3.183 r  u_diffusion/v1/DSP_PREADD_DATA_INST/A2A1[20]
                         net (fo=1, unplaced)         0.000     3.183    u_diffusion/v1/DSP_PREADD_DATA.A2A1<20>
                         DSP_MULTIPLIER (Prop_DSP_MULTIPLIER_A2A1[20]_U[23])
                                                      0.647     3.830 f  u_diffusion/v1/DSP_MULTIPLIER_INST/U[23]
                         net (fo=1, unplaced)         0.000     3.830    u_diffusion/v1/DSP_MULTIPLIER.U<23>
                         DSP_M_DATA (Prop_DSP_M_DATA_U[23]_U_DATA[23])
                                                      0.059     3.889 r  u_diffusion/v1/DSP_M_DATA_INST/U_DATA[23]
                         net (fo=1, unplaced)         0.000     3.889    u_diffusion/v1/DSP_M_DATA.U_DATA<23>
                         DSP_ALU (Prop_DSP_ALU_U_DATA[23]_ALU_OUT[23])
                                                      0.699     4.588 r  u_diffusion/v1/DSP_ALU_INST/ALU_OUT[23]
                         net (fo=1, unplaced)         0.000     4.588    u_diffusion/v1/DSP_ALU.ALU_OUT<23>
                         DSP_OUTPUT (Prop_DSP_OUTPUT_ALU_OUT[23]_P[23])
                                                      0.141     4.729 f  u_diffusion/v1/DSP_OUTPUT_INST/P[23]
                         net (fo=4, unplaced)         0.304     5.033    u_diffusion/v1_n_82
                         LUT1 (Prop_LUT1_I0_O)        0.082     5.115 r  u_diffusion/m_axis_tdata[47]_i_6/O
                         net (fo=1, unplaced)         0.214     5.329    u_diffusion/m_axis_tdata[47]_i_6_n_0
                         CARRY8 (Prop_CARRY8_DI[7]_CO[7])
                                                      0.076     5.405 r  u_diffusion/m_axis_tdata_reg[47]_i_2/CO[7]
                         net (fo=1, unplaced)         0.007     5.412    u_diffusion/m_axis_tdata_reg[47]_i_2_n_0
                         CARRY8 (Prop_CARRY8_CI_O[1])
                                                      0.097     5.509 r  u_diffusion/m_axis_tdata_reg[47]_i_4/O[1]
                         net (fo=2, unplaced)         0.212     5.721    u_diffusion/m_axis_tdata_reg[47]_i_4_n_14
                         LUT2 (Prop_LUT2_I1_O)        0.089     5.810 r  u_diffusion/m_axis_tdata[47]_i_35/O
                         net (fo=1, unplaced)         0.234     6.044    u_diffusion/m_axis_tdata[47]_i_35_n_0
                         CARRY8 (Prop_CARRY8_DI[1]_CO[7])
                                                      0.160     6.204 r  u_diffusion/m_axis_tdata_reg[47]_i_15/CO[7]
                         net (fo=1, unplaced)         0.007     6.211    u_diffusion/m_axis_tdata_reg[47]_i_15_n_0
                         CARRY8 (Prop_CARRY8_CI_CO[2])
                                                      0.073     6.284 r  u_diffusion/m_axis_tdata_reg[47]_i_3/CO[2]
                         net (fo=16, unplaced)        0.258     6.542    u_diffusion/clip_nonneg_q8_813_in
                         LUT4 (Prop_LUT4_I0_O)        0.040     6.582 r  u_diffusion/m_axis_tdata[47]_i_1__0/O
                         net (fo=1, unplaced)         0.215     6.797    u_diffusion/p_1_in[47]
                         FDRE                                         r  u_diffusion/m_axis_tdata_reg[47]/R
  -------------------------------------------------------------------    -------------------

                         (clock aclk rise edge)      10.000    10.000 r  
                                                      0.000    10.000 r  aclk (IN)
                         net (fo=19581, unset)        0.000    10.000    u_diffusion/aclk
                         FDRE                                         r  u_diffusion/m_axis_tdata_reg[47]/C
                         clock pessimism              0.000    10.000    
                         clock uncertainty           -0.035     9.965    
                         FDRE (Setup_FDRE_C_R)       -0.072     9.893    u_diffusion/m_axis_tdata_reg[47]
  -------------------------------------------------------------------
                         required time                          9.893    
                         arrival time                          -6.797    
  -------------------------------------------------------------------
                         slack                                  3.096    





Min Delay Paths
--------------------------------------------------------------------------------------
Slack (MET) :             0.081ns  (arrival time - required time)
  Source:                 u_reaction/s_cur_u_d1_reg[13]/C
                            (rising edge-triggered cell FDRE clocked by aclk  {rise@0.000ns fall@5.000ns period=10.000ns})
  Destination:            u_reaction/m_axis_tdata_reg[47]/D
                            (rising edge-triggered cell FDRE clocked by aclk  {rise@0.000ns fall@5.000ns period=10.000ns})
  Path Group:             aclk
  Path Type:              Hold (Min at Fast Process Corner)
  Requirement:            0.000ns  (aclk rise@0.000ns - aclk rise@0.000ns)
  Data Path Delay:        0.127ns  (logic 0.070ns (55.118%)  route 0.057ns (44.882%))
  Logic Levels:           1  (CARRY8=1)

    Location             Delay type                Incr(ns)  Path(ns)    Netlist Resource(s)
  -------------------------------------------------------------------    -------------------
                         (clock aclk rise edge)       0.000     0.000 r  
                                                      0.000     0.000 r  aclk (IN)
                         net (fo=19581, unset)        0.000     0.000    u_reaction/aclk
                         FDRE                                         r  u_reaction/s_cur_u_d1_reg[13]/C
  -------------------------------------------------------------------    -------------------
                         FDRE (Prop_FDRE_C_Q)         0.038     0.038 r  u_reaction/s_cur_u_d1_reg[13]/Q
                         net (fo=3, unplaced)         0.050     0.088    u_reaction/s_cur_u_d1[13]
                         CARRY8 (Prop_CARRY8_DI[6]_O[7])
                                                      0.032     0.120 r  u_reaction/m_axis_tdata0_inferred__0/i__carry__0/O[7]
                         net (fo=3, unplaced)         0.007     0.127    u_reaction/m_axis_tdata0[15]
                         FDRE                                         r  u_reaction/m_axis_tdata_reg[47]/D
  -------------------------------------------------------------------    -------------------

                         (clock aclk rise edge)       0.000     0.000 r  
                                                      0.000     0.000 r  aclk (IN)
                         net (fo=19581, unset)        0.000     0.000    u_reaction/aclk
                         FDRE                                         r  u_reaction/m_axis_tdata_reg[47]/C
                         clock pessimism              0.000     0.000    
                         FDRE (Hold_FDRE_C_D)         0.046     0.046    u_reaction/m_axis_tdata_reg[47]
  -------------------------------------------------------------------
                         required time                         -0.046    
                         arrival time                           0.127    
  -------------------------------------------------------------------
                         slack                                  0.081    





Pulse Width Checks
--------------------------------------------------------------------------------------
Clock Name:         aclk
Waveform(ns):       { 0.000 5.000 }
Period(ns):         10.000
Sources:            { aclk }

Check Type        Corner  Lib Pin         Reference Pin  Required(ns)  Actual(ns)  Slack(ns)  Location  Pin
Min Period        n/a     DSP_OUTPUT/CLK  n/a            0.750         10.000      9.250                u_membrane/decay_q8_8_d11/DSP_OUTPUT_INST/CLK
Low Pulse Width   Slow    FDRE/C          n/a            0.275         5.000       4.725                u_diffusion/bot_c_reg[32]/C
High Pulse Width  Slow    FDRE/C          n/a            0.275         5.000       4.725                u_diffusion/bot_c_reg[32]/C



