#-----------------------------------------------------------
# Vivado v2024.1 (64-bit)
# SW Build 5076996 on Wed May 22 18:36:09 MDT 2024
# IP Build 5075265 on Wed May 22 21:45:21 MDT 2024
# SharedData Build 5076995 on Wed May 22 18:29:18 MDT 2024
# Start of session at: Thu Apr  9 02:34:44 2026
# Process ID: 19722
# Current directory: /home/liujiawei/ALS_Silicon_Workspace/als-core
# Command line: vivado -mode batch -source build_bd.tcl
# Log file: /home/liujiawei/ALS_Silicon_Workspace/als-core/vivado.log
# Journal file: /home/liujiawei/ALS_Silicon_Workspace/als-core/vivado.jou
# Running On        :liujiawei-ubuntu
# Platform          :Ubuntu
# Operating System  :Ubuntu 22.04.5 LTS
# Processor Detail  :Intel(R) Core(TM) i5-3470 CPU @ 3.20GHz
# CPU Frequency     :3194.277 MHz
# CPU Physical cores:4
# CPU Logical cores :4
# Host memory       :25143 MB
# Swap memory       :2147 MB
# Total Virtual     :27291 MB
# Available Virtual :22658 MB
#-----------------------------------------------------------
source build_bd.tcl
# create_project als_sys_project ./als_sys_project -part xczu2cg-sfvc784-1-e -force
create_project: Time (s): cpu = 00:00:10 ; elapsed = 00:00:10 . Memory (MB): peak = 1411.672 ; gain = 0.023 ; free physical = 10497 ; free virtual = 21232
# set_property ip_repo_paths ./als_core_ip [current_project]
# update_ip_catalog
INFO: [IP_Flow 19-234] Refreshing IP repositories
INFO: [IP_Flow 19-1700] Loaded user IP repository '/home/liujiawei/ALS_Silicon_Workspace/als-core/als_core_ip'.
INFO: [IP_Flow 19-2313] Loaded Vivado IP repository '/home/liujiawei/fpga_projects/tools/vivado/2024.1/Vivado/2024.1/data/ip'.
# create_bd_design als_system
Wrote  : </home/liujiawei/ALS_Silicon_Workspace/als-core/als_sys_project/als_sys_project.srcs/sources_1/bd/als_system/als_system.bd> 
# create_bd_cell -type ip -vlnv xilinx.com:ip:zynq_ultra_ps_e zynq_ultra_ps_e_0
# create_bd_cell -type ip -vlnv xilinx.com:ip:axi_dma axi_dma_0
# set_property -dict [list CONFIG.c_include_sg {0} CONFIG.c_sg_length_width {26}] [get_bd_cells axi_dma_0]
# create_bd_cell -type ip -vlnv user.org:user:als_core_v1:1.0 als_core_0
# connect_bd_intf_net [get_bd_intf_pins axi_dma_0/M_AXIS_MM2S] [get_bd_intf_pins als_core_0/s_axis]
# connect_bd_intf_net [get_bd_intf_pins als_core_0/m_axis] [get_bd_intf_pins axi_dma_0/S_AXIS_S2MM]
# set_property -dict [list CONFIG.PSU__USE__S_AXI_GP2 {1}] [get_bd_cells zynq_ultra_ps_e_0]
# save_bd_design
Wrote  : </home/liujiawei/ALS_Silicon_Workspace/als-core/als_sys_project/als_sys_project.srcs/sources_1/bd/als_system/als_system.bd> 
# puts "===================================================================="
====================================================================
# puts "BLOCK DESIGN BASELINE CREATED. PROJECT SAVED IN ./als_sys_project/"
BLOCK DESIGN BASELINE CREATED. PROJECT SAVED IN ./als_sys_project/
# puts "STOPPING AUTOMATION FOR HUMAN GUI VERIFICATION OF DDR TIMINGS."
STOPPING AUTOMATION FOR HUMAN GUI VERIFICATION OF DDR TIMINGS.
# puts "===================================================================="
====================================================================
INFO: [Common 17-206] Exiting Vivado at Thu Apr  9 02:35:04 2026...
