
*** Running vivado
    with args -log als_system_wrapper.vds -m64 -product Vivado -mode batch -messageDb vivado.pb -notrace -source als_system_wrapper.tcl


****** Vivado v2024.1 (64-bit)
  **** SW Build 5076996 on Wed May 22 18:36:09 MDT 2024
  **** IP Build 5075265 on Wed May 22 21:45:21 MDT 2024
  **** SharedData Build 5076995 on Wed May 22 18:29:18 MDT 2024
  **** Start of session at: Fri Apr 10 13:10:04 2026
    ** Copyright 1986-2022 Xilinx, Inc. All Rights Reserved.
    ** Copyright 2022-2024 Advanced Micro Devices, Inc. All Rights Reserved.

source als_system_wrapper.tcl -notrace
create_project: Time (s): cpu = 00:00:10 ; elapsed = 00:00:10 . Memory (MB): peak = 1410.707 ; gain = 0.023 ; free physical = 4527 ; free virtual = 13749
INFO: [IP_Flow 19-234] Refreshing IP repositories
INFO: [IP_Flow 19-1700] Loaded user IP repository '/home/liujiawei/ALS_Silicon_Workspace/als-core/als_core_ip'.
INFO: [IP_Flow 19-2313] Loaded Vivado IP repository '/home/liujiawei/fpga_projects/tools/vivado/2024.1/Vivado/2024.1/data/ip'.
Command: read_checkpoint -auto_incremental -incremental /home/liujiawei/ALS_Silicon_Workspace/als-core/als_sys_project/als_sys_project.srcs/utils_1/imports/synth_1/als_system_wrapper.dcp
INFO: [Vivado 12-5825] Read reference checkpoint from /home/liujiawei/ALS_Silicon_Workspace/als-core/als_sys_project/als_sys_project.srcs/utils_1/imports/synth_1/als_system_wrapper.dcp for incremental synthesis
INFO: [Vivado 12-7989] Please ensure there are no constraint changes
Command: synth_design -top als_system_wrapper -part xczu2cg-sfvc784-1-e
Starting synth_design
Attempting to get a license for feature 'Synthesis' and/or device 'xczu2cg'
INFO: [Common 17-349] Got license for feature 'Synthesis' and/or device 'xczu2cg'
INFO: [Device 21-403] Loading part xczu2cg-sfvc784-1-e
INFO: [Designutils 20-5440] No compile time benefit to using incremental synthesis; A full resynthesis will be run
INFO: [Designutils 20-4379] Flow is switching to default flow due to incremental criteria not met. If you would like to alter this behaviour and have the flow terminate instead, please set the following parameter config_implementation {autoIncr.Synth.RejectBehavior Terminate}
INFO: [Synth 8-7079] Multithreading enabled for synth_design using a maximum of 4 processes.
INFO: [Synth 8-7078] Launching helper process for spawning children vivado processes
INFO: [Synth 8-7075] Helper process launched with PID 137926
---------------------------------------------------------------------------------
Starting RTL Elaboration : Time (s): cpu = 00:00:05 ; elapsed = 00:00:05 . Memory (MB): peak = 2596.508 ; gain = 297.777 ; free physical = 3031 ; free virtual = 12253
---------------------------------------------------------------------------------
INFO: [Synth 8-6157] synthesizing module 'als_system_wrapper' [/home/liujiawei/ALS_Silicon_Workspace/als-core/als_sys_project/als_sys_project.gen/sources_1/bd/als_system/hdl/als_system_wrapper.v:13]
INFO: [Synth 8-6157] synthesizing module 'als_system' [/home/liujiawei/ALS_Silicon_Workspace/als-core/als_sys_project/als_sys_project.gen/sources_1/bd/als_system/synth/als_system.v:13]
INFO: [Synth 8-6157] synthesizing module 'als_system_als_core_0_0' [/home/liujiawei/ALS_Silicon_Workspace/als-core/als_sys_project/als_sys_project.runs/synth_1/.Xil/Vivado-137858-liujiawei-ubuntu/realtime/als_system_als_core_0_0_stub.v:6]
INFO: [Synth 8-6155] done synthesizing module 'als_system_als_core_0_0' (0#1) [/home/liujiawei/ALS_Silicon_Workspace/als-core/als_sys_project/als_sys_project.runs/synth_1/.Xil/Vivado-137858-liujiawei-ubuntu/realtime/als_system_als_core_0_0_stub.v:6]
INFO: [Synth 8-6157] synthesizing module 'als_system_axi_dma_0_0' [/home/liujiawei/ALS_Silicon_Workspace/als-core/als_sys_project/als_sys_project.runs/synth_1/.Xil/Vivado-137858-liujiawei-ubuntu/realtime/als_system_axi_dma_0_0_stub.v:6]
INFO: [Synth 8-6155] done synthesizing module 'als_system_axi_dma_0_0' (0#1) [/home/liujiawei/ALS_Silicon_Workspace/als-core/als_sys_project/als_sys_project.runs/synth_1/.Xil/Vivado-137858-liujiawei-ubuntu/realtime/als_system_axi_dma_0_0_stub.v:6]
WARNING: [Synth 8-7071] port 'mm2s_prmry_reset_out_n' of module 'als_system_axi_dma_0_0' is unconnected for instance 'axi_dma_0' [/home/liujiawei/ALS_Silicon_Workspace/als-core/als_sys_project/als_sys_project.gen/sources_1/bd/als_system/synth/als_system.v:193]
WARNING: [Synth 8-7071] port 's2mm_prmry_reset_out_n' of module 'als_system_axi_dma_0_0' is unconnected for instance 'axi_dma_0' [/home/liujiawei/ALS_Silicon_Workspace/als-core/als_sys_project/als_sys_project.gen/sources_1/bd/als_system/synth/als_system.v:193]
WARNING: [Synth 8-7071] port 'mm2s_introut' of module 'als_system_axi_dma_0_0' is unconnected for instance 'axi_dma_0' [/home/liujiawei/ALS_Silicon_Workspace/als-core/als_sys_project/als_sys_project.gen/sources_1/bd/als_system/synth/als_system.v:193]
WARNING: [Synth 8-7071] port 's2mm_introut' of module 'als_system_axi_dma_0_0' is unconnected for instance 'axi_dma_0' [/home/liujiawei/ALS_Silicon_Workspace/als-core/als_sys_project/als_sys_project.gen/sources_1/bd/als_system/synth/als_system.v:193]
WARNING: [Synth 8-7071] port 'axi_dma_tstvec' of module 'als_system_axi_dma_0_0' is unconnected for instance 'axi_dma_0' [/home/liujiawei/ALS_Silicon_Workspace/als-core/als_sys_project/als_sys_project.gen/sources_1/bd/als_system/synth/als_system.v:193]
WARNING: [Synth 8-7023] instance 'axi_dma_0' of module 'als_system_axi_dma_0_0' has 94 connections declared, but only 89 given [/home/liujiawei/ALS_Silicon_Workspace/als-core/als_sys_project/als_sys_project.gen/sources_1/bd/als_system/synth/als_system.v:193]
INFO: [Synth 8-6157] synthesizing module 'als_system_axi_smc_0' [/home/liujiawei/ALS_Silicon_Workspace/als-core/als_sys_project/als_sys_project.runs/synth_1/.Xil/Vivado-137858-liujiawei-ubuntu/realtime/als_system_axi_smc_0_stub.v:6]
INFO: [Synth 8-6155] done synthesizing module 'als_system_axi_smc_0' (0#1) [/home/liujiawei/ALS_Silicon_Workspace/als-core/als_sys_project/als_sys_project.runs/synth_1/.Xil/Vivado-137858-liujiawei-ubuntu/realtime/als_system_axi_smc_0_stub.v:6]
INFO: [Synth 8-6157] synthesizing module 'als_system_axis_subset_converter_0_0' [/home/liujiawei/ALS_Silicon_Workspace/als-core/als_sys_project/als_sys_project.runs/synth_1/.Xil/Vivado-137858-liujiawei-ubuntu/realtime/als_system_axis_subset_converter_0_0_stub.v:6]
INFO: [Synth 8-6155] done synthesizing module 'als_system_axis_subset_converter_0_0' (0#1) [/home/liujiawei/ALS_Silicon_Workspace/als-core/als_sys_project/als_sys_project.runs/synth_1/.Xil/Vivado-137858-liujiawei-ubuntu/realtime/als_system_axis_subset_converter_0_0_stub.v:6]
WARNING: [Synth 8-7071] port 'm_axis_tkeep' of module 'als_system_axis_subset_converter_0_0' is unconnected for instance 'axis_subset_converter_0' [/home/liujiawei/ALS_Silicon_Workspace/als-core/als_sys_project/als_sys_project.gen/sources_1/bd/als_system/synth/als_system.v:385]
WARNING: [Synth 8-7023] instance 'axis_subset_converter_0' of module 'als_system_axis_subset_converter_0_0' has 12 connections declared, but only 11 given [/home/liujiawei/ALS_Silicon_Workspace/als-core/als_sys_project/als_sys_project.gen/sources_1/bd/als_system/synth/als_system.v:385]
INFO: [Synth 8-6157] synthesizing module 'als_system_axis_subset_converter_1_0' [/home/liujiawei/ALS_Silicon_Workspace/als-core/als_sys_project/als_sys_project.runs/synth_1/.Xil/Vivado-137858-liujiawei-ubuntu/realtime/als_system_axis_subset_converter_1_0_stub.v:6]
INFO: [Synth 8-6155] done synthesizing module 'als_system_axis_subset_converter_1_0' (0#1) [/home/liujiawei/ALS_Silicon_Workspace/als-core/als_sys_project/als_sys_project.runs/synth_1/.Xil/Vivado-137858-liujiawei-ubuntu/realtime/als_system_axis_subset_converter_1_0_stub.v:6]
INFO: [Synth 8-6157] synthesizing module 'als_system_ps8_0_axi_periph_0' [/home/liujiawei/ALS_Silicon_Workspace/als-core/als_sys_project/als_sys_project.gen/sources_1/bd/als_system/synth/als_system.v:556]
INFO: [Synth 8-6157] synthesizing module 's00_couplers_imp_1CNHKRB' [/home/liujiawei/ALS_Silicon_Workspace/als-core/als_sys_project/als_sys_project.gen/sources_1/bd/als_system/synth/als_system.v:851]
INFO: [Synth 8-6157] synthesizing module 'als_system_auto_pc_0' [/home/liujiawei/ALS_Silicon_Workspace/als-core/als_sys_project/als_sys_project.runs/synth_1/.Xil/Vivado-137858-liujiawei-ubuntu/realtime/als_system_auto_pc_0_stub.v:6]
INFO: [Synth 8-6155] done synthesizing module 'als_system_auto_pc_0' (0#1) [/home/liujiawei/ALS_Silicon_Workspace/als-core/als_sys_project/als_sys_project.runs/synth_1/.Xil/Vivado-137858-liujiawei-ubuntu/realtime/als_system_auto_pc_0_stub.v:6]
WARNING: [Synth 8-7071] port 'm_axi_awprot' of module 'als_system_auto_pc_0' is unconnected for instance 'auto_pc' [/home/liujiawei/ALS_Silicon_Workspace/als-core/als_sys_project/als_sys_project.gen/sources_1/bd/als_system/synth/als_system.v:1078]
WARNING: [Synth 8-7071] port 'm_axi_wstrb' of module 'als_system_auto_pc_0' is unconnected for instance 'auto_pc' [/home/liujiawei/ALS_Silicon_Workspace/als-core/als_sys_project/als_sys_project.gen/sources_1/bd/als_system/synth/als_system.v:1078]
WARNING: [Synth 8-7071] port 'm_axi_arprot' of module 'als_system_auto_pc_0' is unconnected for instance 'auto_pc' [/home/liujiawei/ALS_Silicon_Workspace/als-core/als_sys_project/als_sys_project.gen/sources_1/bd/als_system/synth/als_system.v:1078]
WARNING: [Synth 8-7023] instance 'auto_pc' of module 'als_system_auto_pc_0' has 60 connections declared, but only 57 given [/home/liujiawei/ALS_Silicon_Workspace/als-core/als_sys_project/als_sys_project.gen/sources_1/bd/als_system/synth/als_system.v:1078]
INFO: [Synth 8-6155] done synthesizing module 's00_couplers_imp_1CNHKRB' (0#1) [/home/liujiawei/ALS_Silicon_Workspace/als-core/als_sys_project/als_sys_project.gen/sources_1/bd/als_system/synth/als_system.v:851]
INFO: [Synth 8-6155] done synthesizing module 'als_system_ps8_0_axi_periph_0' (0#1) [/home/liujiawei/ALS_Silicon_Workspace/als-core/als_sys_project/als_sys_project.gen/sources_1/bd/als_system/synth/als_system.v:556]
INFO: [Synth 8-6157] synthesizing module 'als_system_rst_ps8_0_99M_0' [/home/liujiawei/ALS_Silicon_Workspace/als-core/als_sys_project/als_sys_project.runs/synth_1/.Xil/Vivado-137858-liujiawei-ubuntu/realtime/als_system_rst_ps8_0_99M_0_stub.v:6]
INFO: [Synth 8-6155] done synthesizing module 'als_system_rst_ps8_0_99M_0' (0#1) [/home/liujiawei/ALS_Silicon_Workspace/als-core/als_sys_project/als_sys_project.runs/synth_1/.Xil/Vivado-137858-liujiawei-ubuntu/realtime/als_system_rst_ps8_0_99M_0_stub.v:6]
WARNING: [Synth 8-7071] port 'mb_reset' of module 'als_system_rst_ps8_0_99M_0' is unconnected for instance 'rst_ps8_0_99M' [/home/liujiawei/ALS_Silicon_Workspace/als-core/als_sys_project/als_sys_project.gen/sources_1/bd/als_system/synth/als_system.v:468]
WARNING: [Synth 8-7071] port 'bus_struct_reset' of module 'als_system_rst_ps8_0_99M_0' is unconnected for instance 'rst_ps8_0_99M' [/home/liujiawei/ALS_Silicon_Workspace/als-core/als_sys_project/als_sys_project.gen/sources_1/bd/als_system/synth/als_system.v:468]
WARNING: [Synth 8-7071] port 'peripheral_reset' of module 'als_system_rst_ps8_0_99M_0' is unconnected for instance 'rst_ps8_0_99M' [/home/liujiawei/ALS_Silicon_Workspace/als-core/als_sys_project/als_sys_project.gen/sources_1/bd/als_system/synth/als_system.v:468]
WARNING: [Synth 8-7071] port 'interconnect_aresetn' of module 'als_system_rst_ps8_0_99M_0' is unconnected for instance 'rst_ps8_0_99M' [/home/liujiawei/ALS_Silicon_Workspace/als-core/als_sys_project/als_sys_project.gen/sources_1/bd/als_system/synth/als_system.v:468]
WARNING: [Synth 8-7023] instance 'rst_ps8_0_99M' of module 'als_system_rst_ps8_0_99M_0' has 10 connections declared, but only 6 given [/home/liujiawei/ALS_Silicon_Workspace/als-core/als_sys_project/als_sys_project.gen/sources_1/bd/als_system/synth/als_system.v:468]
INFO: [Synth 8-6157] synthesizing module 'als_system_zynq_ultra_ps_e_0_0' [/home/liujiawei/ALS_Silicon_Workspace/als-core/als_sys_project/als_sys_project.runs/synth_1/.Xil/Vivado-137858-liujiawei-ubuntu/realtime/als_system_zynq_ultra_ps_e_0_0_stub.v:6]
INFO: [Synth 8-6155] done synthesizing module 'als_system_zynq_ultra_ps_e_0_0' (0#1) [/home/liujiawei/ALS_Silicon_Workspace/als-core/als_sys_project/als_sys_project.runs/synth_1/.Xil/Vivado-137858-liujiawei-ubuntu/realtime/als_system_zynq_ultra_ps_e_0_0_stub.v:6]
WARNING: [Synth 8-7071] port 'maxigp2_awuser' of module 'als_system_zynq_ultra_ps_e_0_0' is unconnected for instance 'zynq_ultra_ps_e_0' [/home/liujiawei/ALS_Silicon_Workspace/als-core/als_sys_project/als_sys_project.gen/sources_1/bd/als_system/synth/als_system.v:475]
WARNING: [Synth 8-7071] port 'maxigp2_aruser' of module 'als_system_zynq_ultra_ps_e_0_0' is unconnected for instance 'zynq_ultra_ps_e_0' [/home/liujiawei/ALS_Silicon_Workspace/als-core/als_sys_project/als_sys_project.gen/sources_1/bd/als_system/synth/als_system.v:475]
WARNING: [Synth 8-7071] port 'saxigp2_bid' of module 'als_system_zynq_ultra_ps_e_0_0' is unconnected for instance 'zynq_ultra_ps_e_0' [/home/liujiawei/ALS_Silicon_Workspace/als-core/als_sys_project/als_sys_project.gen/sources_1/bd/als_system/synth/als_system.v:475]
WARNING: [Synth 8-7071] port 'saxigp2_rid' of module 'als_system_zynq_ultra_ps_e_0_0' is unconnected for instance 'zynq_ultra_ps_e_0' [/home/liujiawei/ALS_Silicon_Workspace/als-core/als_sys_project/als_sys_project.gen/sources_1/bd/als_system/synth/als_system.v:475]
WARNING: [Synth 8-7023] instance 'zynq_ultra_ps_e_0' of module 'als_system_zynq_ultra_ps_e_0_0' has 82 connections declared, but only 78 given [/home/liujiawei/ALS_Silicon_Workspace/als-core/als_sys_project/als_sys_project.gen/sources_1/bd/als_system/synth/als_system.v:475]
INFO: [Synth 8-6155] done synthesizing module 'als_system' (0#1) [/home/liujiawei/ALS_Silicon_Workspace/als-core/als_sys_project/als_sys_project.gen/sources_1/bd/als_system/synth/als_system.v:13]
INFO: [Synth 8-6155] done synthesizing module 'als_system_wrapper' (0#1) [/home/liujiawei/ALS_Silicon_Workspace/als-core/als_sys_project/als_sys_project.gen/sources_1/bd/als_system/hdl/als_system_wrapper.v:13]
WARNING: [Synth 8-7129] Port M_ACLK in module s00_couplers_imp_1CNHKRB is either unconnected or has no load
WARNING: [Synth 8-7129] Port M_ARESETN in module s00_couplers_imp_1CNHKRB is either unconnected or has no load
WARNING: [Synth 8-7129] Port ACLK in module als_system_ps8_0_axi_periph_0 is either unconnected or has no load
WARNING: [Synth 8-7129] Port ARESETN in module als_system_ps8_0_axi_periph_0 is either unconnected or has no load
---------------------------------------------------------------------------------
Finished RTL Elaboration : Time (s): cpu = 00:00:07 ; elapsed = 00:00:07 . Memory (MB): peak = 2679.477 ; gain = 380.746 ; free physical = 2918 ; free virtual = 12141
---------------------------------------------------------------------------------
---------------------------------------------------------------------------------
Start Handling Custom Attributes
---------------------------------------------------------------------------------
---------------------------------------------------------------------------------
Finished Handling Custom Attributes : Time (s): cpu = 00:00:07 ; elapsed = 00:00:07 . Memory (MB): peak = 2685.414 ; gain = 386.684 ; free physical = 2918 ; free virtual = 12141
---------------------------------------------------------------------------------
---------------------------------------------------------------------------------
Finished RTL Optimization Phase 1 : Time (s): cpu = 00:00:07 ; elapsed = 00:00:07 . Memory (MB): peak = 2685.414 ; gain = 386.684 ; free physical = 2918 ; free virtual = 12141
---------------------------------------------------------------------------------
Netlist sorting complete. Time (s): cpu = 00:00:00.01 ; elapsed = 00:00:00.01 . Memory (MB): peak = 2685.414 ; gain = 0.000 ; free physical = 2918 ; free virtual = 12141
INFO: [Project 1-570] Preparing netlist for logic optimization

Processing XDC Constraints
Initializing timing engine
Parsing XDC File [/home/liujiawei/ALS_Silicon_Workspace/als-core/als_sys_project/als_sys_project.gen/sources_1/bd/als_system/ip/als_system_zynq_ultra_ps_e_0_0/als_system_zynq_ultra_ps_e_0_0/als_system_zynq_ultra_ps_e_0_0_in_context.xdc] for cell 'als_system_i/zynq_ultra_ps_e_0'
create_clock: Time (s): cpu = 00:00:05 ; elapsed = 00:00:05 . Memory (MB): peak = 2789.094 ; gain = 0.000 ; free physical = 2902 ; free virtual = 12125
Finished Parsing XDC File [/home/liujiawei/ALS_Silicon_Workspace/als-core/als_sys_project/als_sys_project.gen/sources_1/bd/als_system/ip/als_system_zynq_ultra_ps_e_0_0/als_system_zynq_ultra_ps_e_0_0/als_system_zynq_ultra_ps_e_0_0_in_context.xdc] for cell 'als_system_i/zynq_ultra_ps_e_0'
Parsing XDC File [/home/liujiawei/ALS_Silicon_Workspace/als-core/als_sys_project/als_sys_project.gen/sources_1/bd/als_system/ip/als_system_axi_dma_0_0/als_system_axi_dma_0_0/als_system_axi_dma_0_0_in_context.xdc] for cell 'als_system_i/axi_dma_0'
Finished Parsing XDC File [/home/liujiawei/ALS_Silicon_Workspace/als-core/als_sys_project/als_sys_project.gen/sources_1/bd/als_system/ip/als_system_axi_dma_0_0/als_system_axi_dma_0_0/als_system_axi_dma_0_0_in_context.xdc] for cell 'als_system_i/axi_dma_0'
Parsing XDC File [/home/liujiawei/ALS_Silicon_Workspace/als-core/als_sys_project/als_sys_project.gen/sources_1/bd/als_system/ip/als_system_als_core_0_0/als_system_als_core_0_0/als_system_als_core_0_0_in_context.xdc] for cell 'als_system_i/als_core_0'
Finished Parsing XDC File [/home/liujiawei/ALS_Silicon_Workspace/als-core/als_sys_project/als_sys_project.gen/sources_1/bd/als_system/ip/als_system_als_core_0_0/als_system_als_core_0_0/als_system_als_core_0_0_in_context.xdc] for cell 'als_system_i/als_core_0'
Parsing XDC File [/home/liujiawei/ALS_Silicon_Workspace/als-core/als_sys_project/als_sys_project.gen/sources_1/bd/als_system/ip/als_system_rst_ps8_0_99M_0/als_system_rst_ps8_0_99M_0/als_system_rst_ps8_0_99M_0_in_context.xdc] for cell 'als_system_i/rst_ps8_0_99M'
Finished Parsing XDC File [/home/liujiawei/ALS_Silicon_Workspace/als-core/als_sys_project/als_sys_project.gen/sources_1/bd/als_system/ip/als_system_rst_ps8_0_99M_0/als_system_rst_ps8_0_99M_0/als_system_rst_ps8_0_99M_0_in_context.xdc] for cell 'als_system_i/rst_ps8_0_99M'
Parsing XDC File [/home/liujiawei/ALS_Silicon_Workspace/als-core/als_sys_project/als_sys_project.gen/sources_1/bd/als_system/ip/als_system_auto_pc_0/als_system_auto_pc_0/als_system_auto_pc_0_in_context.xdc] for cell 'als_system_i/ps8_0_axi_periph/s00_couplers/auto_pc'
Finished Parsing XDC File [/home/liujiawei/ALS_Silicon_Workspace/als-core/als_sys_project/als_sys_project.gen/sources_1/bd/als_system/ip/als_system_auto_pc_0/als_system_auto_pc_0/als_system_auto_pc_0_in_context.xdc] for cell 'als_system_i/ps8_0_axi_periph/s00_couplers/auto_pc'
Parsing XDC File [/home/liujiawei/ALS_Silicon_Workspace/als-core/als_sys_project/als_sys_project.gen/sources_1/bd/als_system/ip/als_system_axi_smc_0/als_system_axi_smc_0/als_system_axi_smc_0_in_context.xdc] for cell 'als_system_i/axi_smc'
Finished Parsing XDC File [/home/liujiawei/ALS_Silicon_Workspace/als-core/als_sys_project/als_sys_project.gen/sources_1/bd/als_system/ip/als_system_axi_smc_0/als_system_axi_smc_0/als_system_axi_smc_0_in_context.xdc] for cell 'als_system_i/axi_smc'
Parsing XDC File [/home/liujiawei/ALS_Silicon_Workspace/als-core/als_sys_project/als_sys_project.gen/sources_1/bd/als_system/ip/als_system_axis_subset_converter_0_0/als_system_axis_subset_converter_0_0/als_system_axis_subset_converter_0_0_in_context.xdc] for cell 'als_system_i/axis_subset_converter_0'
Finished Parsing XDC File [/home/liujiawei/ALS_Silicon_Workspace/als-core/als_sys_project/als_sys_project.gen/sources_1/bd/als_system/ip/als_system_axis_subset_converter_0_0/als_system_axis_subset_converter_0_0/als_system_axis_subset_converter_0_0_in_context.xdc] for cell 'als_system_i/axis_subset_converter_0'
Parsing XDC File [/home/liujiawei/ALS_Silicon_Workspace/als-core/als_sys_project/als_sys_project.gen/sources_1/bd/als_system/ip/als_system_axis_subset_converter_1_0/als_system_axis_subset_converter_1_0/als_system_axis_subset_converter_1_0_in_context.xdc] for cell 'als_system_i/axis_subset_converter_1'
Finished Parsing XDC File [/home/liujiawei/ALS_Silicon_Workspace/als-core/als_sys_project/als_sys_project.gen/sources_1/bd/als_system/ip/als_system_axis_subset_converter_1_0/als_system_axis_subset_converter_1_0/als_system_axis_subset_converter_1_0_in_context.xdc] for cell 'als_system_i/axis_subset_converter_1'
Parsing XDC File [/home/liujiawei/ALS_Silicon_Workspace/als-core/als_sys_project/als_sys_project.runs/synth_1/dont_touch.xdc]
Finished Parsing XDC File [/home/liujiawei/ALS_Silicon_Workspace/als-core/als_sys_project/als_sys_project.runs/synth_1/dont_touch.xdc]
Completed Processing XDC Constraints

Netlist sorting complete. Time (s): cpu = 00:00:00 ; elapsed = 00:00:00 . Memory (MB): peak = 2789.094 ; gain = 0.000 ; free physical = 2901 ; free virtual = 12124
INFO: [Project 1-111] Unisim Transformation Summary:
No Unisim elements were transformed.

Constraint Validation Runtime : Time (s): cpu = 00:00:00 ; elapsed = 00:00:00 . Memory (MB): peak = 2789.094 ; gain = 0.000 ; free physical = 2902 ; free virtual = 12125
INFO: [Designutils 20-5440] No compile time benefit to using incremental synthesis; A full resynthesis will be run
INFO: [Designutils 20-4379] Flow is switching to default flow due to incremental criteria not met. If you would like to alter this behaviour and have the flow terminate instead, please set the following parameter config_implementation {autoIncr.Synth.RejectBehavior Terminate}
---------------------------------------------------------------------------------
Finished Constraint Validation : Time (s): cpu = 00:00:20 ; elapsed = 00:00:20 . Memory (MB): peak = 2789.094 ; gain = 490.363 ; free physical = 2907 ; free virtual = 12131
---------------------------------------------------------------------------------
---------------------------------------------------------------------------------
Start Loading Part and Timing Information
---------------------------------------------------------------------------------
Loading part: xczu2cg-sfvc784-1-e
INFO: [Synth 8-6742] Reading net delay rules and data
---------------------------------------------------------------------------------
Finished Loading Part and Timing Information : Time (s): cpu = 00:00:20 ; elapsed = 00:00:21 . Memory (MB): peak = 2789.094 ; gain = 490.363 ; free physical = 2907 ; free virtual = 12131
---------------------------------------------------------------------------------
---------------------------------------------------------------------------------
Start Applying 'set_property' XDC Constraints
---------------------------------------------------------------------------------
Applied set_property KEEP_HIERARCHY = SOFT for als_system_i. (constraint file  auto generated constraint).
Applied set_property KEEP_HIERARCHY = SOFT for als_system_i/zynq_ultra_ps_e_0. (constraint file  auto generated constraint).
Applied set_property KEEP_HIERARCHY = SOFT for als_system_i/axi_dma_0. (constraint file  auto generated constraint).
Applied set_property KEEP_HIERARCHY = SOFT for als_system_i/als_core_0. (constraint file  auto generated constraint).
Applied set_property KEEP_HIERARCHY = SOFT for als_system_i/rst_ps8_0_99M. (constraint file  auto generated constraint).
Applied set_property KEEP_HIERARCHY = SOFT for als_system_i/ps8_0_axi_periph/s00_couplers/auto_pc. (constraint file  auto generated constraint).
Applied set_property KEEP_HIERARCHY = SOFT for als_system_i/ps8_0_axi_periph. (constraint file  auto generated constraint).
Applied set_property KEEP_HIERARCHY = SOFT for als_system_i/axi_smc. (constraint file  auto generated constraint).
Applied set_property KEEP_HIERARCHY = SOFT for als_system_i/axis_subset_converter_0. (constraint file  auto generated constraint).
Applied set_property KEEP_HIERARCHY = SOFT for als_system_i/axis_subset_converter_1. (constraint file  auto generated constraint).
---------------------------------------------------------------------------------
Finished applying 'set_property' XDC Constraints : Time (s): cpu = 00:00:20 ; elapsed = 00:00:21 . Memory (MB): peak = 2789.094 ; gain = 490.363 ; free physical = 2907 ; free virtual = 12131
---------------------------------------------------------------------------------
---------------------------------------------------------------------------------
Finished RTL Optimization Phase 2 : Time (s): cpu = 00:00:20 ; elapsed = 00:00:21 . Memory (MB): peak = 2789.094 ; gain = 490.363 ; free physical = 2907 ; free virtual = 12131
---------------------------------------------------------------------------------
---------------------------------------------------------------------------------
Start RTL Component Statistics 
---------------------------------------------------------------------------------
Detailed RTL Component Info : 
---------------------------------------------------------------------------------
Finished RTL Component Statistics 
---------------------------------------------------------------------------------
---------------------------------------------------------------------------------
Start Part Resource Summary
---------------------------------------------------------------------------------
Part Resources:
DSPs: 240 (col length:72)
BRAMs: 300 (col length: RAMB18 72 RAMB36 36)
---------------------------------------------------------------------------------
Finished Part Resource Summary
---------------------------------------------------------------------------------
---------------------------------------------------------------------------------
Start Cross Boundary and Area Optimization
---------------------------------------------------------------------------------
WARNING: [Synth 8-7080] Parallel synthesis criteria is not met
WARNING: [Synth 8-7129] Port ACLK in module als_system_ps8_0_axi_periph_0 is either unconnected or has no load
WARNING: [Synth 8-7129] Port ARESETN in module als_system_ps8_0_axi_periph_0 is either unconnected or has no load
WARNING: [Synth 8-7129] Port M00_ACLK in module als_system_ps8_0_axi_periph_0 is either unconnected or has no load
WARNING: [Synth 8-7129] Port M00_ARESETN in module als_system_ps8_0_axi_periph_0 is either unconnected or has no load
---------------------------------------------------------------------------------
Finished Cross Boundary and Area Optimization : Time (s): cpu = 00:00:22 ; elapsed = 00:00:22 . Memory (MB): peak = 2789.094 ; gain = 490.363 ; free physical = 2905 ; free virtual = 12133
---------------------------------------------------------------------------------
---------------------------------------------------------------------------------
Start Applying XDC Timing Constraints
---------------------------------------------------------------------------------
---------------------------------------------------------------------------------
Finished Applying XDC Timing Constraints : Time (s): cpu = 00:00:33 ; elapsed = 00:00:33 . Memory (MB): peak = 3214.234 ; gain = 915.504 ; free physical = 2450 ; free virtual = 11679
---------------------------------------------------------------------------------
---------------------------------------------------------------------------------
Start Timing Optimization
---------------------------------------------------------------------------------
---------------------------------------------------------------------------------
Finished Timing Optimization : Time (s): cpu = 00:00:33 ; elapsed = 00:00:33 . Memory (MB): peak = 3214.234 ; gain = 915.504 ; free physical = 2450 ; free virtual = 11679
---------------------------------------------------------------------------------
---------------------------------------------------------------------------------
Start Technology Mapping
---------------------------------------------------------------------------------
---------------------------------------------------------------------------------
Finished Technology Mapping : Time (s): cpu = 00:00:33 ; elapsed = 00:00:33 . Memory (MB): peak = 3224.250 ; gain = 925.520 ; free physical = 2434 ; free virtual = 11663
---------------------------------------------------------------------------------
---------------------------------------------------------------------------------
Start IO Insertion
---------------------------------------------------------------------------------
---------------------------------------------------------------------------------
Start Flattening Before IO Insertion
---------------------------------------------------------------------------------
---------------------------------------------------------------------------------
Finished Flattening Before IO Insertion
---------------------------------------------------------------------------------
---------------------------------------------------------------------------------
Start Final Netlist Cleanup
---------------------------------------------------------------------------------
---------------------------------------------------------------------------------
Finished Final Netlist Cleanup
---------------------------------------------------------------------------------
---------------------------------------------------------------------------------
Finished IO Insertion : Time (s): cpu = 00:00:37 ; elapsed = 00:00:38 . Memory (MB): peak = 3239.125 ; gain = 940.395 ; free physical = 2499 ; free virtual = 11727
---------------------------------------------------------------------------------
---------------------------------------------------------------------------------
Start Renaming Generated Instances
---------------------------------------------------------------------------------
---------------------------------------------------------------------------------
Finished Renaming Generated Instances : Time (s): cpu = 00:00:37 ; elapsed = 00:00:38 . Memory (MB): peak = 3239.125 ; gain = 940.395 ; free physical = 2499 ; free virtual = 11727
---------------------------------------------------------------------------------
---------------------------------------------------------------------------------
Start Rebuilding User Hierarchy
---------------------------------------------------------------------------------
---------------------------------------------------------------------------------
Finished Rebuilding User Hierarchy : Time (s): cpu = 00:00:37 ; elapsed = 00:00:38 . Memory (MB): peak = 3239.125 ; gain = 940.395 ; free physical = 2499 ; free virtual = 11727
---------------------------------------------------------------------------------
---------------------------------------------------------------------------------
Start Renaming Generated Ports
---------------------------------------------------------------------------------
---------------------------------------------------------------------------------
Finished Renaming Generated Ports : Time (s): cpu = 00:00:37 ; elapsed = 00:00:38 . Memory (MB): peak = 3239.125 ; gain = 940.395 ; free physical = 2499 ; free virtual = 11727
---------------------------------------------------------------------------------
---------------------------------------------------------------------------------
Start Handling Custom Attributes
---------------------------------------------------------------------------------
---------------------------------------------------------------------------------
Finished Handling Custom Attributes : Time (s): cpu = 00:00:37 ; elapsed = 00:00:38 . Memory (MB): peak = 3239.125 ; gain = 940.395 ; free physical = 2499 ; free virtual = 11727
---------------------------------------------------------------------------------
---------------------------------------------------------------------------------
Start Renaming Generated Nets
---------------------------------------------------------------------------------
---------------------------------------------------------------------------------
Finished Renaming Generated Nets : Time (s): cpu = 00:00:37 ; elapsed = 00:00:38 . Memory (MB): peak = 3239.125 ; gain = 940.395 ; free physical = 2499 ; free virtual = 11727
---------------------------------------------------------------------------------
---------------------------------------------------------------------------------
Start Writing Synthesis Report
---------------------------------------------------------------------------------

Report BlackBoxes: 
+------+-------------------------------------+----------+
|      |BlackBox name                        |Instances |
+------+-------------------------------------+----------+
|1     |als_system_als_core_0_0              |         1|
|2     |als_system_axi_dma_0_0               |         1|
|3     |als_system_axi_smc_0                 |         1|
|4     |als_system_axis_subset_converter_0_0 |         1|
|5     |als_system_axis_subset_converter_1_0 |         1|
|6     |als_system_auto_pc_0                 |         1|
|7     |als_system_rst_ps8_0_99M_0           |         1|
|8     |als_system_zynq_ultra_ps_e_0_0       |         1|
+------+-------------------------------------+----------+

Report Cell Usage: 
+------+-----------------------------------+------+
|      |Cell                               |Count |
+------+-----------------------------------+------+
|1     |als_system_als_core_0              |     1|
|2     |als_system_auto_pc                 |     1|
|3     |als_system_axi_dma_0               |     1|
|4     |als_system_axi_smc                 |     1|
|5     |als_system_axis_subset_converter_0 |     1|
|6     |als_system_axis_subset_converter_1 |     1|
|7     |als_system_rst_ps8_0_99M           |     1|
|8     |als_system_zynq_ultra_ps_e_0       |     1|
+------+-----------------------------------+------+
---------------------------------------------------------------------------------
Finished Writing Synthesis Report : Time (s): cpu = 00:00:37 ; elapsed = 00:00:38 . Memory (MB): peak = 3239.125 ; gain = 940.395 ; free physical = 2499 ; free virtual = 11727
---------------------------------------------------------------------------------
Synthesis finished with 0 errors, 0 critical warnings and 5 warnings.
Synthesis Optimization Runtime : Time (s): cpu = 00:00:30 ; elapsed = 00:00:31 . Memory (MB): peak = 3239.125 ; gain = 836.715 ; free physical = 2499 ; free virtual = 11727
Synthesis Optimization Complete : Time (s): cpu = 00:00:37 ; elapsed = 00:00:38 . Memory (MB): peak = 3239.125 ; gain = 940.395 ; free physical = 2499 ; free virtual = 11727
INFO: [Project 1-571] Translating synthesized netlist
Netlist sorting complete. Time (s): cpu = 00:00:00.01 ; elapsed = 00:00:00.01 . Memory (MB): peak = 3239.125 ; gain = 0.000 ; free physical = 2547 ; free virtual = 11776
INFO: [Project 1-570] Preparing netlist for logic optimization
INFO: [Opt 31-138] Pushed 0 inverter(s) to 0 load pin(s).
Netlist sorting complete. Time (s): cpu = 00:00:00 ; elapsed = 00:00:00 . Memory (MB): peak = 3239.125 ; gain = 0.000 ; free physical = 2806 ; free virtual = 12034
INFO: [Project 1-111] Unisim Transformation Summary:
No Unisim elements were transformed.

Synth Design complete | Checksum: ff0c2fbb
INFO: [Common 17-83] Releasing license: Synthesis
46 Infos, 31 Warnings, 0 Critical Warnings and 0 Errors encountered.
synth_design completed successfully
synth_design: Time (s): cpu = 00:00:48 ; elapsed = 00:00:46 . Memory (MB): peak = 3239.125 ; gain = 1822.449 ; free physical = 2806 ; free virtual = 12035
INFO: [Common 17-2834] synth_design peak Physical Memory [PSS] (MB): overall = 2484.495; main = 2312.674; forked = 369.497
INFO: [Common 17-2834] synth_design peak Virtual Memory [VSS] (MB): overall = 4071.242; main = 3165.426; forked = 1041.324
INFO: [Common 17-1381] The checkpoint '/home/liujiawei/ALS_Silicon_Workspace/als-core/als_sys_project/als_sys_project.runs/synth_1/als_system_wrapper.dcp' has been generated.
INFO: [Vivado 12-24828] Executing command : report_utilization -file als_system_wrapper_utilization_synth.rpt -pb als_system_wrapper_utilization_synth.pb
INFO: [Common 17-206] Exiting Vivado at Fri Apr 10 13:11:08 2026...
