2026-04-10 03:21:22 [debug] : Notification event posted from server - ON_DID_UPDATE_WORKSPACE. 
2026-04-10 03:21:22 [debug] : --------------------------------------------------------------------------------- 
2026-04-10 03:21:22 [debug] : /home/liujiawei/ALS_Silicon_Workspace/als-core 
2026-04-10 03:21:22 [debug] : --------------------------------------------------------------------------------- 
2026-04-10 03:21:22 [debug] : [Logger] Previous user logs are stored in the file - /home/liujiawei/.Xilinx/Vitis/2024.1/logs/ide.log 
2026-04-10 03:21:22 [debug] : [Logger] Previous debug logs are stored in the file - /home/liujiawei/.Xilinx/Vitis/2024.1/logs/ide_verbose.log 
2026-04-10 03:21:22 [debug] : [Logger] All the internal problems will be logged at debug level. 
2026-04-10 03:21:22 [debug] : Notification event posted from server - ON_START_ANALYSIS_PROGRESS. 
2026-04-10 03:21:22 [debug] : RIGEL SERVER 03:21:22 INFO  : created .gitignore file for the project /home/liujiawei/ALS_Silicon_Workspace/als-core
03:21:22 INFO  : updated workspace path: /home/liujiawei/ALS_Silicon_Workspace/als-core 
2026-04-10 03:21:22 [debug] : [Application Examples Provider]  updating the embedded templates on workspace event. 
2026-04-10 03:21:22 [debug] : [Application Examples Provider] refresh requested. 
2026-04-10 03:21:22 [debug] : Received event from notification service: ON_DID_UPDATE_WORKSPACE. 
2026-04-10 03:21:22 [debug] : [Logger Client] log levelchanged to  {"0":"Info"}
2026-04-10 03:21:22 [debug] : [Logger UI]  Update Log Level  called 
2026-04-10 03:21:22 [debug] : [Repository Server] Executing method:getEmbeddedExampleTemplateTree with connection:(object). {"0":"request:","1":{"wrappers_":null,"arrayIndexOffset_":-1,"array":[],"pivot_":1.7976931348623157e+308,"convertedPrimitiveFields_":{}}}
2026-04-10 03:21:22 [debug] : [Application Examples Provider] common calling method requested. 
2026-04-10 03:21:22 [debug] : [Application Examples Provider] Repositories model update requested. 
2026-04-10 03:21:22 [debug] : [Application Examples Provider] Repositories model update completed. 
2026-04-10 03:21:22 [debug] : [Application Examples Provider] Templates model update requested. 
2026-04-10 03:21:22 [debug] : [Repository Service] Executing method:getEmbeddedExampleTemplateTree from frontend. {"0":"request:"}
2026-04-10 03:21:22 [debug] : Received event from notification service: ON_START_ANALYSIS_PROGRESS. 
2026-04-10 03:21:22 [debug] : [Application Examples Provider] Templates model update completed. 
2026-04-10 03:21:22 [debug] : RIGEL SERVER 03:21:22 ERROR : Cannot save peer list
java.io.FileNotFoundException: /home/liujiawei/ALS_Silicon_Workspace/als-core/.wsdata/.peers.ini (No such file or directory)
	at java.io.FileOutputStream.open0(Native Method) ~[?:?]
	at java.io.FileOutputStream.open(FileOutputStream.java:298) ~[?:?]
	at java.io.FileOutputStream.<init>(FileOutputStream.java:237) ~[?:?]
	at java.io.FileOutputStream.<init>(FileOutputStream.java:187) ~[?:?]
	at com.xilinx.rigel.debug.tcf.targets.TCFUserDefPeer.savePeers(TCFUserDefPeer.java:151) [rigel_server-1.0.0-161.jar:?]
	at com.xilinx.rigel.debug.tcf.targets.PeerUtil.createPeerWithAttrs(PeerUtil.java:247) [rigel_server-1.0.0-161.jar:?]
	at com.xilinx.rigel.debug.tcf.targets.PeerUtil.createPeerWithAttrs(PeerUtil.java:241) [rigel_server-1.0.0-161.jar:?]
	at com.xilinx.rigel.debug.tcf.targets.PeerUtil.createDefaultPeers(PeerUtil.java:175) [rigel_server-1.0.0-161.jar:?]
	at com.xilinx.rigel.debug.tcf.targets.TCFUserDefPeer.loadPeers(TCFUserDefPeer.java:116) [rigel_server-1.0.0-161.jar:?]
	at com.xilinx.rigel.services.debugger.DebuggerService$4.run(DebuggerService.java:371) [rigel_server-1.0.0-161.jar:?]
	at org.eclipse.tcf.init.EventQueue.run(EventQueue.java:68) [rigel_server-1.0.0-161.jar:?]
	at java.lang.Thread.run(Thread.java:829) [?:?]
03:21:22 ERROR : Cannot save peer list
java.io.FileNotFoundException: /home/liujiawei/ALS_Silicon_Workspace/als-core/.wsdata/.peers.ini (No such file or directory)
	at java.io.FileOutputStream.open0(Native Method) ~[?:?]
	at java.io.FileOutputStream.open(FileOutputStream.java:298) ~[?:?]
	at java.io.FileOutputStream.<init>(FileOutputStream.java:237) ~[?:?]
	at java.io.FileOutputStream.<init>(FileOutputStream.java:187) ~[?:?]
	at com.xilinx.rigel.debug.tcf.targets.TCFUserDefPeer.savePeers(TCFUserDefPeer.java:151) [rigel_server-1.0.0-161.jar:?]
	at com.xilinx.rigel.debug.tcf.targets.PeerUtil.createPeerWithAttrs(PeerUtil.java:247) [rigel_server-1.0.0-161.jar:?]
	at com.xilinx.rigel.debug.tcf.targets.PeerUtil.createPeerWithAttrs(PeerUtil.java:241) [rigel_server-1.0.0-161.jar:?]
	at com.xilinx.rigel.debug.tcf.targets.PeerUtil.createDefaultPeers(PeerUtil.java:181) [rigel_server-1.0.0-161.jar:?]
	at com.xilinx.rigel.debug.tcf.targets.TCFUserDefPeer.loadPeers(TCFUserDefPeer.java:116) [rigel_server-1.0.0-161.jar:?]
	at com.xilinx.rigel.services.debugger.DebuggerService$4.run(DebuggerService.java:371) [rigel_server-1.0.0-161.jar:?]
	at org.eclipse.tcf.init.EventQueue.run(EventQueue.java:68) [rigel_server-1.0.0-161.jar:?]
	at java.lang.Thread.run(Thread.java:829) [?:?]
03:21:22 ERROR : Cannot save peer list
java.io.FileNotFoundException: /home/liujiawei/ALS_Silicon_Workspace/als-core/.wsdata/.peers.ini (No such file or directory)
	at java.io.FileOutputStream.open0(Native Method) ~[?:?]
	at java.io.FileOutputStream.open(FileOutputStream.java:298) ~[?:?]
	at java.io.FileOutputStream.<init>(FileOutputStream.java:237) ~[?:?]
	at java.io.FileOutputStream.<init>(FileOutputStream.java:187) ~[?:?]
	at com.xilinx.rigel.debug.tcf.targets.TCFUserDefPeer.savePeers(TCFUserDefPeer.java:151) [rigel_server-1.0.0-161.jar:?]
	at com.xilinx.rigel.debug.tcf.targets.PeerUtil.createPeerWithAttrs(PeerUtil.java:247) [rigel_server-1.0.0-161.jar:?]
	at com.xilinx.rigel.debug.tcf.targets.PeerUtil.createPeerWithAttrs(PeerUtil.java:241) [rigel_server-1.0.0-161.jar:?]
	at com.xilinx.rigel.debug.tcf.targets.PeerUtil.createDefaultPeers(PeerUtil.java:187) [rigel_server-1.0.0-161.jar:?]
	at com.xilinx.rigel.debug.tcf.targets.TCFUserDefPeer.loadPeers(TCFUserDefPeer.java:116) [rigel_server-1.0.0-161.jar:?]
	at com.xilinx.rigel.services.debugger.DebuggerService$4.run(DebuggerService.java:371) [rigel_server-1.0.0-161.jar:?]
	at org.eclipse.tcf.init.EventQueue.run(EventQueue.java:68) [rigel_server-1.0.0-161.jar:?]
	at java.lang.Thread.run(Thread.java:829) [?:?]
03:21:22 ERROR : Cannot save peer list
java.io.FileNotFoundException: /home/liujiawei/ALS_Silicon_Workspace/als-core/.wsdata/.peers.ini (No such file or directory)
	at java.io.FileOutputStream.open0(Native Method) ~[?:?]
	at java.io.FileOutputStream.open(FileOutputStream.java:298) ~[?:?]
	at java.io.FileOutputStream.<init>(FileOutputStream.java:237) ~[?:?]
	at java.io.FileOutputStream.<init>(FileOutputStream.java:187) ~[?:?]
	at com.xilinx.rigel.debug.tcf.targets.TCFUserDefPeer.savePeers(TCFUserDefPeer.java:151) [rigel_server-1.0.0-161.jar:?]
	at com.xilinx.rigel.debug.tcf.targets.PeerUtil.createPeerWithAttrs(PeerUtil.java:247) [rigel_server-1.0.0-161.jar:?]
	at com.xilinx.rigel.debug.tcf.targets.PeerUtil.createPeerWithAttrs(PeerUtil.java:241) [rigel_server-1.0.0-161.jar:?]
	at com.xilinx.rigel.debug.tcf.targets.PeerUtil.createDefaultPeers(PeerUtil.java:193) [rigel_server-1.0.0-161.jar:?]
	at com.xilinx.rigel.debug.tcf.targets.TCFUserDefPeer.loadPeers(TCFUserDefPeer.java:116) [rigel_server-1.0.0-161.jar:?]
	at com.xilinx.rigel.services.debugger.DebuggerService$4.run(DebuggerService.java:371) [rigel_server-1.0.0-161.jar:?]
	at org.eclipse.tcf.init.EventQueue.run(EventQueue.java:68) [rigel_server-1.0.0-161.jar:?]
	at java.lang.Thread.run(Thread.java:829) [?:?]
03:21:22 ERROR : Cannot save peer list
java.io.FileNotFoundException: /home/liujiawei/ALS_Silicon_Workspace/als-core/.wsdata/.peers.ini (No such file or directory)
	at java.io.FileOutputStream.open0(Native Method) ~[?:?]
	at java.io.FileOutputStream.open(FileOutputStream.java:298) ~[?:?]
	at java.io.FileOutputStream.<init>(FileOutputStream.java:237) ~[?:?]
	at java.io.FileOutputStream.<init>(FileOutputStream.java:187) ~[?:?]
	at com.xilinx.rigel.debug.tcf.targets.TCFUserDefPeer.savePeers(TCFUserDefPeer.java:151) [rigel_server-1.0.0-161.jar:?]
	at com.xilinx.rigel.debug.tcf.targets.PeerUtil.createPeerWithAttrs(PeerUtil.java:247) [rigel_server-1.0.0-161.jar:?]
	at com.xilinx.rigel.debug.tcf.targets.PeerUtil.createPeerWithAttrs(PeerUtil.java:241) [rigel_server-1.0.0-161.jar:?]
	at com.xilinx.rigel.debug.tcf.targets.PeerUtil.createDefaultPeers(PeerUtil.java:199) [rigel_server-1.0.0-161.jar:?]
	at com.xilinx.rigel.debug.tcf.targets.TCFUserDefPeer.loadPeers(TCFUserDefPeer.java:116) [rigel_server-1.0.0-161.jar:?]
	at com.xilinx.rigel.services.debugger.DebuggerService$4.run(DebuggerService.java:371) [rigel_server-1.0.0-161.jar:?]
	at org.eclipse.tcf.init.EventQueue.run(EventQueue.java:68) [rigel_server-1.0.0-161.jar:?]
	at java.lang.Thread.run(Thread.java:829) [?:?]
03:21:22 ERROR : Cannot save peer list
java.io.FileNotFoundException: /home/liujiawei/ALS_Silicon_Workspace/als-core/.wsdata/.peers.ini (No such file or directory)
	at java.io.FileOutputStream.open0(Native Method) ~[?:?]
	at java.io.FileOutputStream.open(FileOutputStream.java:298) ~[?:?]
	at java.io.FileOutputStream.<init>(FileOutputStream.java:237) ~[?:?]
	at java.io.FileOutputStream.<init>(FileOutputStream.java:187) ~[?:?]
	at com.xilinx.rigel.debug.tcf.targets.TCFUserDefPeer.savePeers(TCFUserDefPeer.java:151) ~[rigel_server-1.0.0-161.jar:?]
	at com.xilinx.rigel.debug.tcf.targets.TCFUserDefPeer.lambda$modifyPeer$1(TCFUserDefPeer.java:68) ~[rigel_server-1.0.0-161.jar:?]
	at org.eclipse.tcf.protocol.Protocol.invokeAndWait(Protocol.java:220) [rigel_server-1.0.0-161.jar:?]
	at com.xilinx.rigel.debug.tcf.targets.TCFUserDefPeer.modifyPeer(TCFUserDefPeer.java:70) [rigel_server-1.0.0-161.jar:?]
	at com.xilinx.rigel.debug.tcf.targets.PeerUtil.createDefaultPeers(PeerUtil.java:205) [rigel_server-1.0.0-161.jar:?]
	at com.xilinx.rigel.debug.tcf.targets.TCFUserDefPeer.loadPeers(TCFUserDefPeer.java:116) [rigel_server-1.0.0-161.jar:?]
	at com.xilinx.rigel.services.debugger.DebuggerService$4.run(DebuggerService.java:371) [rigel_server-1.0.0-161.jar:?]
	at org.eclipse.tcf.init.EventQueue.run(EventQueue.java:68) [rigel_server-1.0.0-161.jar:?]
	at java.lang.Thread.run(Thread.java:829) [?:?]
03:21:22 INFO  : Marking the target connection as default Local
03:21:22 ERROR : Cannot save peer list
java.io.FileNotFoundException: /home/liujiawei/ALS_Silicon_Workspace/als-core/.wsdata/.peers.ini (No such file or directory)
	at java.io.FileOutputStream.open0(Native Method) ~[?:?]
	at java.io.FileOutputStream.open(FileOutputStream.java:298) ~[?:?]
	at java.io.FileOutputStream.<init>(FileOutputStream.java:237) ~[?:?]
	at java.io.FileOutputStream.<init>(FileOutputStream.java:187) ~[?:?]
	at com.xilinx.rigel.debug.tcf.targets.TCFUserDefPeer.savePeers(TCFUserDefPeer.java:151) ~[rigel_server-1.0.0-161.jar:?]
	at com.xilinx.rigel.debug.tcf.targets.TCFUserDefPeer.lambda$modifyPeer$1(TCFUserDefPeer.java:68) ~[rigel_server-1.0.0-161.jar:?]
	at org.eclipse.tcf.protocol.Protocol.invokeAndWait(Protocol.java:220) [rigel_server-1.0.0-161.jar:?]
	at com.xilinx.rigel.debug.tcf.targets.TCFUserDefPeer.modifyPeer(TCFUserDefPeer.java:70) [rigel_server-1.0.0-161.jar:?]
	at com.xilinx.rigel.debug.tcf.targets.PeerUtil.createDefaultPeers(PeerUtil.java:206) [rigel_server-1.0.0-161.jar:?]
	at com.xilinx.rigel.debug.tcf.targets.TCFUserDefPeer.loadPeers(TCFUserDefPeer.java:116) [rigel_server-1.0.0-161.jar:?]
	at com.xilinx.rigel.services.debugger.DebuggerService$4.run(DebuggerService.java:371) [rigel_server-1.0.0-161.jar:?]
	at org.eclipse.tcf.init.EventQueue.run(EventQueue.java:68) [rigel_server-1.0.0-161.jar:?]
	at java.lang.Thread.run(Thread.java:829) [?:?]
03:21:22 INFO  : Marking the target connection as default Linux Agent
03:21:22 ERROR : Cannot save peer list
java.io.FileNotFoundException: /home/liujiawei/ALS_Silicon_Workspace/als-core/.wsdata/.peers.ini (No such file or directory)
	at java.io.FileOutputStream.open0(Native Method) ~[?:?]
	at java.io.FileOutputStream.open(FileOutputStream.java:298) ~[?:?]
	at java.io.FileOutputStream.<init>(FileOutputStream.java:237) ~[?:?]
	at java.io.FileOutputStream.<init>(FileOutputStream.java:187) ~[?:?]
	at com.xilinx.rigel.debug.tcf.targets.TCFUserDefPeer.savePeers(TCFUserDefPeer.java:151) ~[rigel_server-1.0.0-161.jar:?]
	at com.xilinx.rigel.debug.tcf.targets.TCFUserDefPeer.lambda$modifyPeer$1(TCFUserDefPeer.java:68) ~[rigel_server-1.0.0-161.jar:?]
	at org.eclipse.tcf.protocol.Protocol.invokeAndWait(Protocol.java:220) [rigel_server-1.0.0-161.jar:?]
	at com.xilinx.rigel.debug.tcf.targets.TCFUserDefPeer.modifyPeer(TCFUserDefPeer.java:70) [rigel_server-1.0.0-161.jar:?]
	at com.xilinx.rigel.debug.tcf.targets.PeerUtil.createDefaultPeers(PeerUtil.java:207) [rigel_server-1.0.0-161.jar:?]
	at com.xilinx.rigel.debug.tcf.targets.TCFUserDefPeer.loadPeers(TCFUserDefPeer.java:116) [rigel_server-1.0.0-161.jar:?]
	at com.xilinx.rigel.services.debugger.DebuggerService$4.run(DebuggerService.java:371) [rigel_server-1.0.0-161.jar:?]
	at org.eclipse.tcf.init.EventQueue.run(EventQueue.java:68) [rigel_server-1.0.0-161.jar:?]
	at java.lang.Thread.run(Thread.java:829) [?:?]
03:21:22 INFO  : Marking the target connection as default XRTServer
03:21:22 ERROR : Cannot save peer list
java.io.FileNotFoundException: /home/liujiawei/ALS_Silicon_Workspace/als-core/.wsdata/.peers.ini (No such file or directory)
	at java.io.FileOutputStream.open0(Native Method) ~[?:?]
	at java.io.FileOutputStream.open(FileOutputStream.java:298) ~[?:?]
	at java.io.FileOutputStream.<init>(FileOutputStream.java:237) ~[?:?]
	at java.io.FileOutputStream.<init>(FileOutputStream.java:187) ~[?:?]
	at com.xilinx.rigel.debug.tcf.targets.TCFUserDefPeer.savePeers(TCFUserDefPeer.java:151) ~[rigel_server-1.0.0-161.jar:?]
	at com.xilinx.rigel.debug.tcf.targets.TCFUserDefPeer.lambda$modifyPeer$1(TCFUserDefPeer.java:68) ~[rigel_server-1.0.0-161.jar:?]
	at org.eclipse.tcf.protocol.Protocol.invokeAndWait(Protocol.java:220) [rigel_server-1.0.0-161.jar:?]
	at com.xilinx.rigel.debug.tcf.targets.TCFUserDefPeer.modifyPeer(TCFUserDefPeer.java:70) [rigel_server-1.0.0-161.jar:?]
	at com.xilinx.rigel.debug.tcf.targets.PeerUtil.createDefaultPeers(PeerUtil.java:209) [rigel_server-1.0.0-161.jar:?]
	at com.xilinx.rigel.debug.tcf.targets.TCFUserDefPeer.loadPeers(TCFUserDefPeer.java:116) [rigel_server-1.0.0-161.jar:?]
	at com.xilinx.rigel.services.debugger.DebuggerService$4.run(DebuggerService.java:371) [rigel_server-1.0.0-161.jar:?]
	at org.eclipse.tcf.init.EventQueue.run(EventQueue.java:68) [rigel_server-1.0.0-161.jar:?]
	at java.lang.Thread.run(Thread.java:829) [?:?]
03:21:22 INFO  : Marking the target connection as default LinuxEmulation
03:21:22 ERROR : Cannot save peer list
java.io.FileNotFoundException: /home/liujiawei/ALS_Silicon_Workspace/als-core/.wsdata/.peers.ini (No such file or directory)
	at java.io.FileOutputStream.open0(Native Method) ~[?:?]
	at java.io.FileOutputStream.open(FileOutputStream.java:298) ~[?:?]
	at java.io.FileOutputStream.<init>(FileOutputStream.java:237) ~[?:?]
	at java.io.FileOutputStream.<init>(FileOutputStream.java:187) ~[?:?]
	at com.xilinx.rigel.debug.tcf.targets.TCFUserDefPeer.savePeers(TCFUserDefPeer.java:151) ~[rigel_server-1.0.0-161.jar:?]
	at com.xilinx.rigel.debug.tcf.targets.TCFUserDefPeer.lambda$modifyPeer$1(TCFUserDefPeer.java:68) ~[rigel_server-1.0.0-161.jar:?]
	at org.eclipse.tcf.protocol.Protocol.invokeAndWait(Protocol.java:220) [rigel_server-1.0.0-161.jar:?]
	at com.xilinx.rigel.debug.tcf.targets.TCFUserDefPeer.modifyPeer(TCFUserDefPeer.java:70) [rigel_server-1.0.0-161.jar:?]
	at com.xilinx.rigel.debug.tcf.targets.PeerUtil.createDefaultPeers(PeerUtil.java:211) [rigel_server-1.0.0-161.jar:?]
	at com.xilinx.rigel.debug.tcf.targets.TCFUserDefPeer.loadPeers(TCFUserDefPeer.java:116) [rigel_server-1.0.0-161.jar:?]
	at com.xilinx.rigel.services.debugger.DebuggerService$4.run(DebuggerService.java:371) [rigel_server-1.0.0-161.jar:?]
	at org.eclipse.tcf.init.EventQueue.run(EventQueue.java:68) [rigel_server-1.0.0-161.jar:?]
	at java.lang.Thread.run(Thread.java:829) [?:?]
03:21:22 INFO  : Marking the target connection as default QEMU 
2026-04-10 03:21:22 [debug] : [Application Examples Provider] common calling method completed. 
2026-04-10 03:21:22 [debug] : [Application Examples Provider] refresh completed. 
2026-04-10 03:21:22 [debug] : Event posted using notification server in backend. {"0":{"wrappers_":{},"arrayIndexOffset_":-1,"array":["f0e717d2-6cd4-4674-ac2e-76c0e174f19b",null,54,null,null,null,null,"list-reports"],"pivot_":1.7976931348623157e+308,"convertedPrimitiveFields_":{}}}
2026-04-10 03:21:22 [debug] : [Logger UI]  Update Log Level success {"0":{"success":true,"error":""}}
2026-04-10 03:21:22 [debug] : Notification event posted from server - ON_STOP_ANALYSIS_PROGRESS. 
2026-04-10 03:21:22 [debug] : Notification event posted from server - ON_DID_REFRESH_WORKSPACE_SUMMARIES. 
2026-04-10 03:21:23 [debug] : Opening channel for service path '/services/project-utils'. 
2026-04-10 03:21:23 [debug] : Opening channel for service path '/services/bootgen'. 
2026-04-10 03:21:23 [debug] : Opening channel for service path '/services/hls/report'. 
2026-04-10 03:21:23 [debug] : Opening channel for service path '/services/hls/wave/open'. 
2026-04-10 03:21:23 [debug] : Linked preference "workbench.colorCustomizations" not found. Source: "editor.bracketPairColorization.enabled" 
2026-04-10 03:21:23 [debug] : Frontend m.configure took longer than the expected maximum 100 milliseconds: 915.0 ms [Finished 5.424 s after frontend start] 
2026-04-10 03:21:23 [debug] : Application UI init preferences 
2026-04-10 03:21:23 [debug] : [Bootgen Output] Adding listeners to bootgen service. 
2026-04-10 03:21:23 [debug] : A command file.openWith.config-editor-widget is already registered. 
2026-04-10 03:21:23 [debug] : Frontend commands.onStart: 40.1 ms [Finished 5.464 s after frontend start] 
2026-04-10 03:21:23 [debug] : MonacoEditorModel.fireDidChangeContent - enter - {
  "changes": [
    {
      "range": {
        "startLineNumber": 2,
        "startColumn": 47,
        "endLineNumber": 2,
        "endColumn": 52
      },
      "rangeLength": 5,
      "text": "false",
      "rangeOffset": 48,
      "forceMoveMarkers": false
    }
  ],
  "eol": "\n",
  "versionId": 2,
  "isUndoing": false,
  "isRedoing": false,
  "isFlush": false
} {"0":"user-storage:/user/settings.json"}
2026-04-10 03:21:23 [debug] : MonacoEditorModel.markAsDirty - enter {"0":"user-storage:/user/settings.json"}
2026-04-10 03:21:23 [debug] : MonacoEditorModel.cancelSync {"0":"user-storage:/user/settings.json"}
2026-04-10 03:21:23 [debug] : MonacoEditorModel.cancelSave {"0":"user-storage:/user/settings.json"}
2026-04-10 03:21:23 [debug] : MonacoEditorModel.markAsDirty - exit {"0":"user-storage:/user/settings.json"}
2026-04-10 03:21:23 [debug] : MonacoEditorModel.fireDidChangeContent - exit {"0":"user-storage:/user/settings.json"}
2026-04-10 03:21:23 [debug] : MonacoEditorModel.cancelSave {"0":"user-storage:/user/settings.json"}
2026-04-10 03:21:23 [debug] : MonacoEditorModel.cancelSave {"0":"user-storage:/user/settings.json"}
2026-04-10 03:21:23 [debug] : Received event from notification service: ON_STOP_ANALYSIS_PROGRESS. 
2026-04-10 03:21:23 [debug] : Received event from notification service: ON_DID_REFRESH_WORKSPACE_SUMMARIES. 
2026-04-10 03:21:23 [debug] : [ProjectCache] fetching projects for project-cache 
2026-04-10 03:21:23 [debug] : Application UI init preferences 
2026-04-10 03:21:23 [debug] : Frontend keybindings.onStart took longer than the expected maximum 100 milliseconds: 118.9 ms [Finished 5.584 s after frontend start] 
2026-04-10 03:21:23 [debug] : Frontend menus.onStart: 22.4 ms [Finished 5.606 s after frontend start] 
2026-04-10 03:21:23 [debug] : Opening channel for service path '/services/search-in-workspace'. 
2026-04-10 03:21:23 [debug] : Frontend c.onStart: 8.0 ms [Finished 5.614 s after frontend start] 
2026-04-10 03:21:23 [debug] : Frontend d.onStart: 16.0 ms [Finished 5.631 s after frontend start] 
2026-04-10 03:21:23 [debug] : Frontend d.onStart: 10.8 ms [Finished 5.641 s after frontend start] 
2026-04-10 03:21:23 [debug] : Frontend J.onStart: 0.2 ms [Finished 5.642 s after frontend start] 
2026-04-10 03:21:23 [debug] : Frontend l.onStart: 1.8 ms [Finished 5.644 s after frontend start] 
2026-04-10 03:21:23 [debug] : Frontend u.onStart: 6.1 ms [Finished 5.651 s after frontend start] 
2026-04-10 03:21:23 [debug] : Frontend n.onStart: 0.2 ms [Finished 5.652 s after frontend start] 
2026-04-10 03:21:23 [debug] : Frontend u.onStart: 3.5 ms [Finished 5.655 s after frontend start] 
2026-04-10 03:21:23 [debug] : Skipping menu item with missing command: "plugin.view-container.test.toggle". 
2026-04-10 03:21:23 [debug] : Frontend C.onStart: 37.1 ms [Finished 5.693 s after frontend start] 
2026-04-10 03:21:23 [debug] : Frontend p.onStart: 0.2 ms [Finished 5.693 s after frontend start] 
2026-04-10 03:21:23 [debug] : Frontend d.onStart: 0.2 ms [Finished 5.694 s after frontend start] 
2026-04-10 03:21:23 [debug] : Frontend u.onStart: 0.8 ms [Finished 5.695 s after frontend start] 
2026-04-10 03:21:23 [debug] : Frontend m.onStart: 2.5 ms [Finished 5.697 s after frontend start] 
2026-04-10 03:21:23 [debug] : Frontend n.onStart: 2.4 ms [Finished 5.700 s after frontend start] 
2026-04-10 03:21:23 [debug] : Frontend v.onStart: 0.3 ms [Finished 5.700 s after frontend start] 
2026-04-10 03:21:23 [debug] : Frontend P.onStart: 0.1 ms [Finished 5.700 s after frontend start] 
2026-04-10 03:21:23 [debug] : Frontend c.onStart: 0.1 ms [Finished 5.701 s after frontend start] 
2026-04-10 03:21:23 [debug] : Frontend b.onStart: 1.6 ms [Finished 5.702 s after frontend start] 
2026-04-10 03:21:23 [debug] : Frontend g.onStart: 0.5 ms [Finished 5.704 s after frontend start] 
2026-04-10 03:21:23 [debug] : Frontend f.onStart: 0.1 ms [Finished 5.704 s after frontend start] 
2026-04-10 03:21:23 [debug] : Frontend b.onStart: 0.4 ms [Finished 5.705 s after frontend start] 
2026-04-10 03:21:23 [debug] : Frontend d.onStart: 0.4 ms [Finished 5.705 s after frontend start] 
2026-04-10 03:21:23 [debug] : Frontend $.onStart: 4.3 ms [Finished 5.710 s after frontend start] 
2026-04-10 03:21:23 [debug] : Frontend $.onStart: 0.2 ms [Finished 5.710 s after frontend start] 
2026-04-10 03:21:23 [debug] : [hosted-plugin: 23504] IPC started 
2026-04-10 03:21:23 [debug] : Frontend y.onStart: 0.3 ms [Finished 5.710 s after frontend start] 
2026-04-10 03:21:23 [debug] : Frontend Object.onStart: 0.4 ms [Finished 5.711 s after frontend start] 
2026-04-10 03:21:23 [debug] : Frontend w.onStart: 35.3 ms [Finished 5.747 s after frontend start] 
2026-04-10 03:21:23 [debug] : Frontend d.onStart: 0.5 ms [Finished 5.748 s after frontend start] 
2026-04-10 03:21:23 [debug] : Frontend l.onStart: 1.3 ms [Finished 5.749 s after frontend start] 
2026-04-10 03:21:23 [debug] : Frontend j.onStart: 0.2 ms [Finished 5.750 s after frontend start] 
2026-04-10 03:21:23 [debug] : Frontend d.onStart: 0.3 ms [Finished 5.750 s after frontend start] 
2026-04-10 03:21:23 [debug] : Frontend c.onStart: 0.0 ms [Finished 5.750 s after frontend start] 
2026-04-10 03:21:23 [debug] : Frontend y.onStart: 0.1 ms [Finished 5.751 s after frontend start] 
2026-04-10 03:21:23 [debug] : Frontend w.onStart: 0.0 ms [Finished 5.751 s after frontend start] 
2026-04-10 03:21:23 [debug] : Frontend k.onStart: 0.3 ms [Finished 5.752 s after frontend start] 
2026-04-10 03:21:23 [debug] : Frontend n.onStart: 0.2 ms [Finished 5.752 s after frontend start] 
2026-04-10 03:21:23 [debug] : Frontend c.onStart: 0.3 ms [Finished 5.752 s after frontend start] 
2026-04-10 03:21:23 [debug] : [Feature Registry] Reading early access data from /home/liujiawei/fpga_projects/tools/vivado/2024.1/Vitis/2024.1/vitisng-server/scripts/early-access/early-access.json 
2026-04-10 03:21:23 [debug] : [Feature Registry] Reading early access data from /home/liujiawei/fpga_projects/tools/vivado/2024.1/Vitis/2024.1/vitisng-server/scripts/early-access/early-access.json 
2026-04-10 03:21:23 [debug] : [Feature Registry] Reading early access data from /home/liujiawei/fpga_projects/tools/vivado/2024.1/Vitis/2024.1/vitisng-server/scripts/early-access/early-access.json 
2026-04-10 03:21:23 [debug] : [Feature Registry] Reading early access data from /home/liujiawei/fpga_projects/tools/vivado/2024.1/Vitis/2024.1/vitisng-server/scripts/early-access/early-access.json 
2026-04-10 03:21:23 [debug] : [Feature Registry] Reading early access data from /home/liujiawei/fpga_projects/tools/vivado/2024.1/Vitis/2024.1/vitisng-server/scripts/early-access/early-access.json 
2026-04-10 03:21:23 [debug] : [Feature Registry] Reading early access data from /home/liujiawei/fpga_projects/tools/vivado/2024.1/Vitis/2024.1/vitisng-server/scripts/early-access/early-access.json 
2026-04-10 03:21:23 [debug] : Frontend m.onStart: 0.1 ms [Finished 5.753 s after frontend start] 
2026-04-10 03:21:23 [debug] : Start frontend contributions: 1848.4 ms [Finished 5.753 s after frontend start] 
2026-04-10 03:21:23 [debug] : Changed application state from 'init' to 'started_contributions'. 
2026-04-10 03:21:23 [debug] : Changed application state from 'started_contributions' to 'attached_shell'. 
2026-04-10 03:21:23 [debug] : >>> Restoring the layout state... 
2026-04-10 03:21:23 [debug] : Skipping menu item with missing command: "plugin.view-container.test.toggle". 
2026-04-10 03:21:23 [debug] : [ProjectDecorator] tree decoration updated 
2026-04-10 03:21:23 [debug] : [ProjectCache] Project location updated to undefined 
2026-04-10 03:21:23 [debug] : [ProjectDecorator] tree decoration updated 
2026-04-10 03:21:23 [debug] : [99530e21-7522-4408-ac13-702262cc65d1] Waiting for backend deployment: 293.5 ms [Finished 6.005 s after frontend start] 
2026-04-10 03:21:24 [debug] : [hosted-plugin: 23504] PLUGIN_HOST(23504) starting instance 
2026-04-10 03:21:24 [debug] : [99530e21-7522-4408-ac13-702262cc65d1] Sync of 17 plugins: 691.5 ms [Finished 6.697 s after frontend start] 
2026-04-10 03:21:24 [debug] : <<< Nothing to restore. 
2026-04-10 03:21:24 [debug] : Frontend P.initializeLayout: 25.0 ms [Finished 6.725 s after frontend start] 
2026-04-10 03:21:24 [debug] : Frontend b.initializeLayout: 4.7 ms [Finished 6.730 s after frontend start] 
2026-04-10 03:21:24 [debug] : Frontend h.initializeLayout: 5.5 ms [Finished 6.736 s after frontend start] 
2026-04-10 03:21:24 [debug] : Frontend $.initializeLayout: 5.2 ms [Finished 6.741 s after frontend start] 
2026-04-10 03:21:24 [debug] : Frontend y.initializeLayout: 13.2 ms [Finished 6.754 s after frontend start] 
2026-04-10 03:21:24 [debug] : Frontend w.initializeLayout: 6.9 ms [Finished 6.761 s after frontend start] 
2026-04-10 03:21:24 [debug] : Frontend c.initializeLayout: 11.2 ms [Finished 6.773 s after frontend start] 
2026-04-10 03:21:24 [debug] : Frontend w.initializeLayout: 28.3 ms [Finished 6.801 s after frontend start] 
2026-04-10 03:21:24 [debug] : [Repository Examples UI] in on initialize layout method. 
2026-04-10 03:21:24 [debug] : Frontend R.initializeLayout: 10.0 ms [Finished 6.812 s after frontend start] 
2026-04-10 03:21:24 [debug] : Frontend u.initializeLayout: 5.3 ms [Finished 6.817 s after frontend start] 
2026-04-10 03:21:24 [debug] : Frontend h.initializeLayout: 0.2 ms [Finished 6.817 s after frontend start] 
2026-04-10 03:21:24 [debug] : Opening channel for service path '/services/report-model'. 
2026-04-10 03:21:24 [debug] : Frontend I.initializeLayout: 17.6 ms [Finished 6.835 s after frontend start] 
2026-04-10 03:21:24 [debug] : Frontend j.initializeLayout: 17.5 ms [Finished 6.852 s after frontend start] 
2026-04-10 03:21:24 [debug] : [Library Api Contribution] in on initialize layout method. 
2026-04-10 03:21:24 [debug] : Frontend p.initializeLayout: 8.9 ms [Finished 6.861 s after frontend start] 
2026-04-10 03:21:24 [debug] : RIGEL SERVER 03:21:24 INFO  : Successfully created repository data at /tmp/rigel_lopper_liujiawei17842333135267323783
03:21:24 INFO  : bash, -c, source /home/liujiawei/fpga_projects/tools/vivado/2024.1/Vitis/2024.1/tps/lnx64/lopper-1.1.0/env/bin/activate && python /home/liujiawei/fpga_projects/tools/vivado/2024.1/Vitis/2024.1/data/embeddedsw/scripts/pyesw//get_template_data.py -d /tmp/rigel_lopper_liujiawei5544363313454889535 -r /tmp/rigel_lopper_liujiawei17842333135267323783/.repo.yaml && deactivate 
2026-04-10 03:21:24 [debug] : f.registerSchemas is taking more than 500.0 ms, new schemas are ignored. 
2026-04-10 03:21:24 [debug] : MonacoEditorModel.cancelSync {"0":"user-storage:/user/settings.json"}
2026-04-10 03:21:24 [debug] : MonacoEditorModel.cancelSync {"0":"user-storage:/user/settings.json"}
2026-04-10 03:21:24 [debug] : MonacoEditorModel.cancelSave {"0":"user-storage:/user/settings.json"}
2026-04-10 03:21:24 [debug] : MonacoEditorModel.doSync - enter {"0":"user-storage:/user/settings.json"}
2026-04-10 03:21:24 [debug] : MonacoEditorModel.doSync - exit - cancelled {"0":"user-storage:/user/settings.json"}
2026-04-10 03:21:25 [debug] : MonacoEditorModel.cancelSync {"0":"file:///home/liujiawei/ALS_Silicon_Workspace/als-core/logs/vitis.log"}
2026-04-10 03:21:25 [debug] : MonacoEditorModel.doSync - enter {"0":"file:///home/liujiawei/ALS_Silicon_Workspace/als-core/logs/vitis.log"}
2026-04-10 03:21:25 [debug] : MonacoEditorModel.cancelSync {"0":"file:///home/liujiawei/ALS_Silicon_Workspace/als-core/logs/vitis.log"}
2026-04-10 03:21:25 [debug] : MonacoEditorModel.doSync - exit - cancelled while looking for a resource {"0":"file:///home/liujiawei/ALS_Silicon_Workspace/als-core/logs/vitis.log"}
2026-04-10 03:21:25 [debug] : MonacoEditorModel.doSync - enter {"0":"file:///home/liujiawei/ALS_Silicon_Workspace/als-core/logs/vitis.log"}
2026-04-10 03:21:25 [debug] : RIGEL SERVER 03:21:25 INFO  : Embedded Template List generated successfully 
2026-04-10 03:21:25 [debug] : RIGEL SERVER 03:21:25 INFO  : bash, -c, source /home/liujiawei/fpga_projects/tools/vivado/2024.1/Vitis/2024.1/tps/lnx64/lopper-1.1.0/env/bin/activate && python /home/liujiawei/fpga_projects/tools/vivado/2024.1/Vitis/2024.1/data/embeddedsw/scripts/pyesw//repo.py -st   /home/liujiawei/fpga_projects/tools/vivado/2024.1/Vitis/2024.1/data/embeddedsw && deactivate 
2026-04-10 03:21:25 [debug] : Initialize the workbench layout: 1462.5 ms [Finished 7.251 s after frontend start] 
2026-04-10 03:21:25 [debug] : Changed application state from 'attached_shell' to 'initialized_layout'. 
2026-04-10 03:21:25 [debug] : Frontend I.onDidInitializeLayout: 0.4 ms [Finished 7.252 s after frontend start] 
2026-04-10 03:21:25 [debug] : Failed to register a menu item for plugin eamodio.gitlens contributed to editor/context/copy {"0":{"command":"gitlens.copyRemoteFileUrlToClipboard","group":"1_gitlens@1","when":"editorTextFocus && gitlens:activeFileStatus =~ /blameable/ && config.gitlens.menus.editor.clipboard"},"1":"Error: Could not find submenu with id editor/context/copy\n    at d.getMenuNode (file:///home/liujiawei/fpga_projects/tools/vivado/2024.1/Vitis/2024.1/ide/electron-app/lnx64/resources/app/lib/bundle.js:2:2587357)\n    at v.handle (file:///home/liujiawei/fpga_projects/tools/vivado/2024.1/Vitis/2024.1/ide/electron-app/lnx64/resources/app/lib/bundle.js:2:7458306)\n    at file:///home/liujiawei/fpga_projects/tools/vivado/2024.1/Vitis/2024.1/ide/electron-app/lnx64/resources/app/lib/bundle.js:2:7477312\n    at o (file:///home/liujiawei/fpga_projects/tools/vivado/2024.1/Vitis/2024.1/ide/electron-app/lnx64/resources/app/lib/bundle.js:2:7474973)\n    at E.handleContributions (file:///home/liujiawei/fpga_projects/tools/vivado/2024.1/Vitis/2024.1/ide/electron-app/lnx64/resources/app/lib/bundle.js:2:7477267)\n    at U.loadContributions (file:///home/liujiawei/fpga_projects/tools/vivado/2024.1/Vitis/2024.1/ide/electron-app/lnx64/resources/app/lib/bundle.js:2:7304600)\n    at U.doLoad (file:///home/liujiawei/fpga_projects/tools/vivado/2024.1/Vitis/2024.1/ide/electron-app/lnx64/resources/app/lib/bundle.js:2:7302692)\n    at async d.withProgress (file:///home/liujiawei/fpga_projects/tools/vivado/2024.1/Vitis/2024.1/ide/electron-app/lnx64/resources/app/lib/bundle.js:2:2627430)\n    at async file:///home/liujiawei/fpga_projects/tools/vivado/2024.1/Vitis/2024.1/ide/electron-app/lnx64/resources/app/lib/bundle.js:2:7300035"}
2026-04-10 03:21:25 [debug] : Failed to register a menu item for plugin eamodio.gitlens contributed to editor/context/copy {"0":{"command":"gitlens.copyRemoteFileUrlFrom","group":"1_gitlens@2","when":"editorTextFocus && gitlens:activeFileStatus =~ /blameable/ && config.gitlens.menus.editor.clipboard"},"1":"Error: Could not find submenu with id editor/context/copy\n    at d.getMenuNode (file:///home/liujiawei/fpga_projects/tools/vivado/2024.1/Vitis/2024.1/ide/electron-app/lnx64/resources/app/lib/bundle.js:2:2587357)\n    at v.handle (file:///home/liujiawei/fpga_projects/tools/vivado/2024.1/Vitis/2024.1/ide/electron-app/lnx64/resources/app/lib/bundle.js:2:7458306)\n    at file:///home/liujiawei/fpga_projects/tools/vivado/2024.1/Vitis/2024.1/ide/electron-app/lnx64/resources/app/lib/bundle.js:2:7477312\n    at o (file:///home/liujiawei/fpga_projects/tools/vivado/2024.1/Vitis/2024.1/ide/electron-app/lnx64/resources/app/lib/bundle.js:2:7474973)\n    at E.handleContributions (file:///home/liujiawei/fpga_projects/tools/vivado/2024.1/Vitis/2024.1/ide/electron-app/lnx64/resources/app/lib/bundle.js:2:7477267)\n    at U.loadContributions (file:///home/liujiawei/fpga_projects/tools/vivado/2024.1/Vitis/2024.1/ide/electron-app/lnx64/resources/app/lib/bundle.js:2:7304600)\n    at U.doLoad (file:///home/liujiawei/fpga_projects/tools/vivado/2024.1/Vitis/2024.1/ide/electron-app/lnx64/resources/app/lib/bundle.js:2:7302692)\n    at async d.withProgress (file:///home/liujiawei/fpga_projects/tools/vivado/2024.1/Vitis/2024.1/ide/electron-app/lnx64/resources/app/lib/bundle.js:2:2627430)\n    at async file:///home/liujiawei/fpga_projects/tools/vivado/2024.1/Vitis/2024.1/ide/electron-app/lnx64/resources/app/lib/bundle.js:2:7300035"}
2026-04-10 03:21:25 [debug] : Failed to register a menu item for plugin eamodio.gitlens contributed to editor/context/copy {"0":{"command":"gitlens.copyRemoteCommitUrl","group":"1_gitlens@3","when":"editorTextFocus && gitlens:activeFileStatus =~ /blameable/ && config.gitlens.menus.editor.clipboard"},"1":"Error: Could not find submenu with id editor/context/copy\n    at d.getMenuNode (file:///home/liujiawei/fpga_projects/tools/vivado/2024.1/Vitis/2024.1/ide/electron-app/lnx64/resources/app/lib/bundle.js:2:2587357)\n    at v.handle (file:///home/liujiawei/fpga_projects/tools/vivado/2024.1/Vitis/2024.1/ide/electron-app/lnx64/resources/app/lib/bundle.js:2:7458306)\n    at file:///home/liujiawei/fpga_projects/tools/vivado/2024.1/Vitis/2024.1/ide/electron-app/lnx64/resources/app/lib/bundle.js:2:7477312\n    at o (file:///home/liujiawei/fpga_projects/tools/vivado/2024.1/Vitis/2024.1/ide/electron-app/lnx64/resources/app/lib/bundle.js:2:7474973)\n    at E.handleContributions (file:///home/liujiawei/fpga_projects/tools/vivado/2024.1/Vitis/2024.1/ide/electron-app/lnx64/resources/app/lib/bundle.js:2:7477267)\n    at U.loadContributions (file:///home/liujiawei/fpga_projects/tools/vivado/2024.1/Vitis/2024.1/ide/electron-app/lnx64/resources/app/lib/bundle.js:2:7304600)\n    at U.doLoad (file:///home/liujiawei/fpga_projects/tools/vivado/2024.1/Vitis/2024.1/ide/electron-app/lnx64/resources/app/lib/bundle.js:2:7302692)\n    at async d.withProgress (file:///home/liujiawei/fpga_projects/tools/vivado/2024.1/Vitis/2024.1/ide/electron-app/lnx64/resources/app/lib/bundle.js:2:2627430)\n    at async file:///home/liujiawei/fpga_projects/tools/vivado/2024.1/Vitis/2024.1/ide/electron-app/lnx64/resources/app/lib/bundle.js:2:7300035"}
2026-04-10 03:21:25 [debug] : Failed to register a menu item for plugin eamodio.gitlens contributed to editor/context/copy {"0":{"command":"gitlens.copyShaToClipboard","group":"2_gitlens@1","when":"editorTextFocus && gitlens:activeFileStatus =~ /blameable/ && config.gitlens.menus.editor.clipboard"},"1":"Error: Could not find submenu with id editor/context/copy\n    at d.getMenuNode (file:///home/liujiawei/fpga_projects/tools/vivado/2024.1/Vitis/2024.1/ide/electron-app/lnx64/resources/app/lib/bundle.js:2:2587357)\n    at v.handle (file:///home/liujiawei/fpga_projects/tools/vivado/2024.1/Vitis/2024.1/ide/electron-app/lnx64/resources/app/lib/bundle.js:2:7458306)\n    at file:///home/liujiawei/fpga_projects/tools/vivado/2024.1/Vitis/2024.1/ide/electron-app/lnx64/resources/app/lib/bundle.js:2:7477312\n    at o (file:///home/liujiawei/fpga_projects/tools/vivado/2024.1/Vitis/2024.1/ide/electron-app/lnx64/resources/app/lib/bundle.js:2:7474973)\n    at E.handleContributions (file:///home/liujiawei/fpga_projects/tools/vivado/2024.1/Vitis/2024.1/ide/electron-app/lnx64/resources/app/lib/bundle.js:2:7477267)\n    at U.loadContributions (file:///home/liujiawei/fpga_projects/tools/vivado/2024.1/Vitis/2024.1/ide/electron-app/lnx64/resources/app/lib/bundle.js:2:7304600)\n    at U.doLoad (file:///home/liujiawei/fpga_projects/tools/vivado/2024.1/Vitis/2024.1/ide/electron-app/lnx64/resources/app/lib/bundle.js:2:7302692)\n    at async d.withProgress (file:///home/liujiawei/fpga_projects/tools/vivado/2024.1/Vitis/2024.1/ide/electron-app/lnx64/resources/app/lib/bundle.js:2:2627430)\n    at async file:///home/liujiawei/fpga_projects/tools/vivado/2024.1/Vitis/2024.1/ide/electron-app/lnx64/resources/app/lib/bundle.js:2:7300035"}
2026-04-10 03:21:25 [debug] : Failed to register a menu item for plugin eamodio.gitlens contributed to editor/context/copy {"0":{"command":"gitlens.copyMessageToClipboard","group":"2_gitlens@2","when":"editorTextFocus && gitlens:activeFileStatus =~ /blameable/ && config.gitlens.menus.editor.clipboard"},"1":"Error: Could not find submenu with id editor/context/copy\n    at d.getMenuNode (file:///home/liujiawei/fpga_projects/tools/vivado/2024.1/Vitis/2024.1/ide/electron-app/lnx64/resources/app/lib/bundle.js:2:2587357)\n    at v.handle (file:///home/liujiawei/fpga_projects/tools/vivado/2024.1/Vitis/2024.1/ide/electron-app/lnx64/resources/app/lib/bundle.js:2:7458306)\n    at file:///home/liujiawei/fpga_projects/tools/vivado/2024.1/Vitis/2024.1/ide/electron-app/lnx64/resources/app/lib/bundle.js:2:7477312\n    at o (file:///home/liujiawei/fpga_projects/tools/vivado/2024.1/Vitis/2024.1/ide/electron-app/lnx64/resources/app/lib/bundle.js:2:7474973)\n    at E.handleContributions (file:///home/liujiawei/fpga_projects/tools/vivado/2024.1/Vitis/2024.1/ide/electron-app/lnx64/resources/app/lib/bundle.js:2:7477267)\n    at U.loadContributions (file:///home/liujiawei/fpga_projects/tools/vivado/2024.1/Vitis/2024.1/ide/electron-app/lnx64/resources/app/lib/bundle.js:2:7304600)\n    at U.doLoad (file:///home/liujiawei/fpga_projects/tools/vivado/2024.1/Vitis/2024.1/ide/electron-app/lnx64/resources/app/lib/bundle.js:2:7302692)\n    at async d.withProgress (file:///home/liujiawei/fpga_projects/tools/vivado/2024.1/Vitis/2024.1/ide/electron-app/lnx64/resources/app/lib/bundle.js:2:2627430)\n    at async file:///home/liujiawei/fpga_projects/tools/vivado/2024.1/Vitis/2024.1/ide/electron-app/lnx64/resources/app/lib/bundle.js:2:7300035"}
2026-04-10 03:21:25 [debug] : Failed to register a menu item for plugin eamodio.gitlens contributed to extension/context {"0":{"command":"gitlens.showWelcomePage","group":"9_gitlens@1","when":"extension =~ /^eamodio.gitlens(-insiders)?$/ && extensionStatus == installed"},"1":"Error: Could not find submenu with id extension/context\n    at d.getMenuNode (file:///home/liujiawei/fpga_projects/tools/vivado/2024.1/Vitis/2024.1/ide/electron-app/lnx64/resources/app/lib/bundle.js:2:2587357)\n    at v.handle (file:///home/liujiawei/fpga_projects/tools/vivado/2024.1/Vitis/2024.1/ide/electron-app/lnx64/resources/app/lib/bundle.js:2:7458306)\n    at file:///home/liujiawei/fpga_projects/tools/vivado/2024.1/Vitis/2024.1/ide/electron-app/lnx64/resources/app/lib/bundle.js:2:7477312\n    at o (file:///home/liujiawei/fpga_projects/tools/vivado/2024.1/Vitis/2024.1/ide/electron-app/lnx64/resources/app/lib/bundle.js:2:7474973)\n    at E.handleContributions (file:///home/liujiawei/fpga_projects/tools/vivado/2024.1/Vitis/2024.1/ide/electron-app/lnx64/resources/app/lib/bundle.js:2:7477267)\n    at U.loadContributions (file:///home/liujiawei/fpga_projects/tools/vivado/2024.1/Vitis/2024.1/ide/electron-app/lnx64/resources/app/lib/bundle.js:2:7304600)\n    at U.doLoad (file:///home/liujiawei/fpga_projects/tools/vivado/2024.1/Vitis/2024.1/ide/electron-app/lnx64/resources/app/lib/bundle.js:2:7302692)\n    at async d.withProgress (file:///home/liujiawei/fpga_projects/tools/vivado/2024.1/Vitis/2024.1/ide/electron-app/lnx64/resources/app/lib/bundle.js:2:2627430)\n    at async file:///home/liujiawei/fpga_projects/tools/vivado/2024.1/Vitis/2024.1/ide/electron-app/lnx64/resources/app/lib/bundle.js:2:7300035"}
2026-04-10 03:21:25 [debug] : Failed to register a menu item for plugin eamodio.gitlens contributed to extension/context {"0":{"command":"gitlens.showSettingsPage","group":"9_gitlens@2","when":"extension =~ /^eamodio.gitlens(-insiders)?$/ && extensionStatus == installed"},"1":"Error: Could not find submenu with id extension/context\n    at d.getMenuNode (file:///home/liujiawei/fpga_projects/tools/vivado/2024.1/Vitis/2024.1/ide/electron-app/lnx64/resources/app/lib/bundle.js:2:2587357)\n    at v.handle (file:///home/liujiawei/fpga_projects/tools/vivado/2024.1/Vitis/2024.1/ide/electron-app/lnx64/resources/app/lib/bundle.js:2:7458306)\n    at file:///home/liujiawei/fpga_projects/tools/vivado/2024.1/Vitis/2024.1/ide/electron-app/lnx64/resources/app/lib/bundle.js:2:7477312\n    at o (file:///home/liujiawei/fpga_projects/tools/vivado/2024.1/Vitis/2024.1/ide/electron-app/lnx64/resources/app/lib/bundle.js:2:7474973)\n    at E.handleContributions (file:///home/liujiawei/fpga_projects/tools/vivado/2024.1/Vitis/2024.1/ide/electron-app/lnx64/resources/app/lib/bundle.js:2:7477267)\n    at U.loadContributions (file:///home/liujiawei/fpga_projects/tools/vivado/2024.1/Vitis/2024.1/ide/electron-app/lnx64/resources/app/lib/bundle.js:2:7304600)\n    at U.doLoad (file:///home/liujiawei/fpga_projects/tools/vivado/2024.1/Vitis/2024.1/ide/electron-app/lnx64/resources/app/lib/bundle.js:2:7302692)\n    at async d.withProgress (file:///home/liujiawei/fpga_projects/tools/vivado/2024.1/Vitis/2024.1/ide/electron-app/lnx64/resources/app/lib/bundle.js:2:2627430)\n    at async file:///home/liujiawei/fpga_projects/tools/vivado/2024.1/Vitis/2024.1/ide/electron-app/lnx64/resources/app/lib/bundle.js:2:7300035"}
2026-04-10 03:21:25 [debug] : Failed to register a menu item for plugin eamodio.gitlens contributed to git.commit {"0":{"command":"gitlens.addAuthors","group":"4_gitlens@1","when":"gitlens:enabled && !gitlens:readonly && config.gitlens.menus.scm.authors"},"1":"Error: Could not find submenu with id git.commit\n    at d.getMenuNode (file:///home/liujiawei/fpga_projects/tools/vivado/2024.1/Vitis/2024.1/ide/electron-app/lnx64/resources/app/lib/bundle.js:2:2587357)\n    at v.handle (file:///home/liujiawei/fpga_projects/tools/vivado/2024.1/Vitis/2024.1/ide/electron-app/lnx64/resources/app/lib/bundle.js:2:7458306)\n    at file:///home/liujiawei/fpga_projects/tools/vivado/2024.1/Vitis/2024.1/ide/electron-app/lnx64/resources/app/lib/bundle.js:2:7477312\n    at o (file:///home/liujiawei/fpga_projects/tools/vivado/2024.1/Vitis/2024.1/ide/electron-app/lnx64/resources/app/lib/bundle.js:2:7474973)\n    at E.handleContributions (file:///home/liujiawei/fpga_projects/tools/vivado/2024.1/Vitis/2024.1/ide/electron-app/lnx64/resources/app/lib/bundle.js:2:7477267)\n    at U.loadContributions (file:///home/liujiawei/fpga_projects/tools/vivado/2024.1/Vitis/2024.1/ide/electron-app/lnx64/resources/app/lib/bundle.js:2:7304600)\n    at U.doLoad (file:///home/liujiawei/fpga_projects/tools/vivado/2024.1/Vitis/2024.1/ide/electron-app/lnx64/resources/app/lib/bundle.js:2:7302692)\n    at async d.withProgress (file:///home/liujiawei/fpga_projects/tools/vivado/2024.1/Vitis/2024.1/ide/electron-app/lnx64/resources/app/lib/bundle.js:2:2627430)\n    at async file:///home/liujiawei/fpga_projects/tools/vivado/2024.1/Vitis/2024.1/ide/electron-app/lnx64/resources/app/lib/bundle.js:2:7300035"}
2026-04-10 03:21:25 [debug] : Failed to register a menu item for plugin eamodio.gitlens contributed to menuBar/edit/copy {"0":{"command":"gitlens.copyRemoteFileUrlToClipboard","group":"1_gitlens@1","when":"gitlens:activeFileStatus =~ /blameable/ && config.gitlens.menus.editor.clipboard"},"1":"Error: Could not find submenu with id menuBar/edit/copy\n    at d.getMenuNode (file:///home/liujiawei/fpga_projects/tools/vivado/2024.1/Vitis/2024.1/ide/electron-app/lnx64/resources/app/lib/bundle.js:2:2587357)\n    at v.handle (file:///home/liujiawei/fpga_projects/tools/vivado/2024.1/Vitis/2024.1/ide/electron-app/lnx64/resources/app/lib/bundle.js:2:7458306)\n    at file:///home/liujiawei/fpga_projects/tools/vivado/2024.1/Vitis/2024.1/ide/electron-app/lnx64/resources/app/lib/bundle.js:2:7477312\n    at o (file:///home/liujiawei/fpga_projects/tools/vivado/2024.1/Vitis/2024.1/ide/electron-app/lnx64/resources/app/lib/bundle.js:2:7474973)\n    at E.handleContributions (file:///home/liujiawei/fpga_projects/tools/vivado/2024.1/Vitis/2024.1/ide/electron-app/lnx64/resources/app/lib/bundle.js:2:7477267)\n    at U.loadContributions (file:///home/liujiawei/fpga_projects/tools/vivado/2024.1/Vitis/2024.1/ide/electron-app/lnx64/resources/app/lib/bundle.js:2:7304600)\n    at U.doLoad (file:///home/liujiawei/fpga_projects/tools/vivado/2024.1/Vitis/2024.1/ide/electron-app/lnx64/resources/app/lib/bundle.js:2:7302692)\n    at async d.withProgress (file:///home/liujiawei/fpga_projects/tools/vivado/2024.1/Vitis/2024.1/ide/electron-app/lnx64/resources/app/lib/bundle.js:2:2627430)\n    at async file:///home/liujiawei/fpga_projects/tools/vivado/2024.1/Vitis/2024.1/ide/electron-app/lnx64/resources/app/lib/bundle.js:2:7300035"}
2026-04-10 03:21:25 [debug] : Failed to register a menu item for plugin eamodio.gitlens contributed to menuBar/edit/copy {"0":{"command":"gitlens.copyRemoteFileUrlFrom","group":"1_gitlens@2","when":"gitlens:activeFileStatus =~ /blameable/ && config.gitlens.menus.editor.clipboard"},"1":"Error: Could not find submenu with id menuBar/edit/copy\n    at d.getMenuNode (file:///home/liujiawei/fpga_projects/tools/vivado/2024.1/Vitis/2024.1/ide/electron-app/lnx64/resources/app/lib/bundle.js:2:2587357)\n    at v.handle (file:///home/liujiawei/fpga_projects/tools/vivado/2024.1/Vitis/2024.1/ide/electron-app/lnx64/resources/app/lib/bundle.js:2:7458306)\n    at file:///home/liujiawei/fpga_projects/tools/vivado/2024.1/Vitis/2024.1/ide/electron-app/lnx64/resources/app/lib/bundle.js:2:7477312\n    at o (file:///home/liujiawei/fpga_projects/tools/vivado/2024.1/Vitis/2024.1/ide/electron-app/lnx64/resources/app/lib/bundle.js:2:7474973)\n    at E.handleContributions (file:///home/liujiawei/fpga_projects/tools/vivado/2024.1/Vitis/2024.1/ide/electron-app/lnx64/resources/app/lib/bundle.js:2:7477267)\n    at U.loadContributions (file:///home/liujiawei/fpga_projects/tools/vivado/2024.1/Vitis/2024.1/ide/electron-app/lnx64/resources/app/lib/bundle.js:2:7304600)\n    at U.doLoad (file:///home/liujiawei/fpga_projects/tools/vivado/2024.1/Vitis/2024.1/ide/electron-app/lnx64/resources/app/lib/bundle.js:2:7302692)\n    at async d.withProgress (file:///home/liujiawei/fpga_projects/tools/vivado/2024.1/Vitis/2024.1/ide/electron-app/lnx64/resources/app/lib/bundle.js:2:2627430)\n    at async file:///home/liujiawei/fpga_projects/tools/vivado/2024.1/Vitis/2024.1/ide/electron-app/lnx64/resources/app/lib/bundle.js:2:7300035"}
2026-04-10 03:21:25 [debug] : [99530e21-7522-4408-ac13-702262cc65d1][eamodio.gitlens]: Loaded contributions. 
2026-04-10 03:21:25 [debug] : [99530e21-7522-4408-ac13-702262cc65d1][eclipse-cdt.serial-monitor]: Loaded contributions. 
2026-04-10 03:21:25 [debug] : Failed to register a menu item for plugin amd.tcf-debug contributed to editor/title/run {"0":{"command":"extension.tcf-debug.debugEditorContents","group":"navigation@2","when":"resourceLangId == cpp || resourceLangId == c"},"1":"Error: Could not find submenu with id editor/title/run\n    at d.getMenuNode (file:///home/liujiawei/fpga_projects/tools/vivado/2024.1/Vitis/2024.1/ide/electron-app/lnx64/resources/app/lib/bundle.js:2:2587357)\n    at v.handle (file:///home/liujiawei/fpga_projects/tools/vivado/2024.1/Vitis/2024.1/ide/electron-app/lnx64/resources/app/lib/bundle.js:2:7458306)\n    at file:///home/liujiawei/fpga_projects/tools/vivado/2024.1/Vitis/2024.1/ide/electron-app/lnx64/resources/app/lib/bundle.js:2:7477312\n    at o (file:///home/liujiawei/fpga_projects/tools/vivado/2024.1/Vitis/2024.1/ide/electron-app/lnx64/resources/app/lib/bundle.js:2:7474973)\n    at E.handleContributions (file:///home/liujiawei/fpga_projects/tools/vivado/2024.1/Vitis/2024.1/ide/electron-app/lnx64/resources/app/lib/bundle.js:2:7477267)\n    at U.loadContributions (file:///home/liujiawei/fpga_projects/tools/vivado/2024.1/Vitis/2024.1/ide/electron-app/lnx64/resources/app/lib/bundle.js:2:7304600)\n    at U.doLoad (file:///home/liujiawei/fpga_projects/tools/vivado/2024.1/Vitis/2024.1/ide/electron-app/lnx64/resources/app/lib/bundle.js:2:7302692)\n    at async d.withProgress (file:///home/liujiawei/fpga_projects/tools/vivado/2024.1/Vitis/2024.1/ide/electron-app/lnx64/resources/app/lib/bundle.js:2:2627430)\n    at async file:///home/liujiawei/fpga_projects/tools/vivado/2024.1/Vitis/2024.1/ide/electron-app/lnx64/resources/app/lib/bundle.js:2:7300035"}
2026-04-10 03:21:25 [debug] : [99530e21-7522-4408-ac13-702262cc65d1][amd.tcf-debug]: Loaded contributions. 
2026-04-10 03:21:25 [debug] : [99530e21-7522-4408-ac13-702262cc65d1][twxs.cmake]: Loaded contributions. 
2026-04-10 03:21:25 [debug] : [99530e21-7522-4408-ac13-702262cc65d1][amd.vitis-config]: Loaded contributions. 
2026-04-10 03:21:25 [debug] : [99530e21-7522-4408-ac13-702262cc65d1][amd.vitis-hls-l1-library]: Loaded contributions. 
2026-04-10 03:21:25 [debug] : [99530e21-7522-4408-ac13-702262cc65d1][amd.vitis-hls-pragma]: Loaded contributions. 
2026-04-10 03:21:25 [debug] : [99530e21-7522-4408-ac13-702262cc65d1][vscode.cpp]: Loaded contributions. 
2026-04-10 03:21:25 [debug] : [99530e21-7522-4408-ac13-702262cc65d1][vscode.github]: Loaded contributions. 
2026-04-10 03:21:25 [debug] : [99530e21-7522-4408-ac13-702262cc65d1][vscode.github-authentication]: Loaded contributions. 
2026-04-10 03:21:25 [debug] : [99530e21-7522-4408-ac13-702262cc65d1][vscode.json]: Loaded contributions. 
2026-04-10 03:21:25 [debug] : Preference name collision detected in the schema for property: [json] 
2026-04-10 03:21:25 [debug] : Preference name collision detected in the schema for property: [jsonc] 
2026-04-10 03:21:25 [debug] : [99530e21-7522-4408-ac13-702262cc65d1][vscode.json-language-features]: Loaded contributions. 
2026-04-10 03:21:25 [debug] : [99530e21-7522-4408-ac13-702262cc65d1][llvm-vs-code-extensions.vscode-clangd]: Loaded contributions. 
2026-04-10 03:21:25 [debug] : [99530e21-7522-4408-ac13-702262cc65d1][pkief.material-icon-theme]: Loaded contributions. 
2026-04-10 03:21:25 [debug] : [99530e21-7522-4408-ac13-702262cc65d1][webfreak.debug]: Loaded contributions. 
2026-04-10 03:21:25 [debug] : Failed to register a menu item for plugin vscode.git contributed to scm/sourceControl {"0":{"command":"git.close","group":"navigation","when":"scmProvider == git"},"1":"Error: Could not find submenu with id scm/sourceControl\n    at d.getMenuNode (file:///home/liujiawei/fpga_projects/tools/vivado/2024.1/Vitis/2024.1/ide/electron-app/lnx64/resources/app/lib/bundle.js:2:2587357)\n    at v.handle (file:///home/liujiawei/fpga_projects/tools/vivado/2024.1/Vitis/2024.1/ide/electron-app/lnx64/resources/app/lib/bundle.js:2:7458306)\n    at file:///home/liujiawei/fpga_projects/tools/vivado/2024.1/Vitis/2024.1/ide/electron-app/lnx64/resources/app/lib/bundle.js:2:7477312\n    at o (file:///home/liujiawei/fpga_projects/tools/vivado/2024.1/Vitis/2024.1/ide/electron-app/lnx64/resources/app/lib/bundle.js:2:7474973)\n    at E.handleContributions (file:///home/liujiawei/fpga_projects/tools/vivado/2024.1/Vitis/2024.1/ide/electron-app/lnx64/resources/app/lib/bundle.js:2:7477267)\n    at U.loadContributions (file:///home/liujiawei/fpga_projects/tools/vivado/2024.1/Vitis/2024.1/ide/electron-app/lnx64/resources/app/lib/bundle.js:2:7304600)\n    at U.doLoad (file:///home/liujiawei/fpga_projects/tools/vivado/2024.1/Vitis/2024.1/ide/electron-app/lnx64/resources/app/lib/bundle.js:2:7302692)\n    at async d.withProgress (file:///home/liujiawei/fpga_projects/tools/vivado/2024.1/Vitis/2024.1/ide/electron-app/lnx64/resources/app/lib/bundle.js:2:2627430)\n    at async file:///home/liujiawei/fpga_projects/tools/vivado/2024.1/Vitis/2024.1/ide/electron-app/lnx64/resources/app/lib/bundle.js:2:7300035"}
2026-04-10 03:21:25 [debug] : Failed to register a menu item for plugin vscode.git contributed to scm/change/title {"0":{"command":"git.stageChange","when":"config.git.enabled && !git.missing && originalResourceScheme == git"},"1":"Error: Could not find submenu with id scm/change/title\n    at d.getMenuNode (file:///home/liujiawei/fpga_projects/tools/vivado/2024.1/Vitis/2024.1/ide/electron-app/lnx64/resources/app/lib/bundle.js:2:2587357)\n    at v.handle (file:///home/liujiawei/fpga_projects/tools/vivado/2024.1/Vitis/2024.1/ide/electron-app/lnx64/resources/app/lib/bundle.js:2:7458306)\n    at file:///home/liujiawei/fpga_projects/tools/vivado/2024.1/Vitis/2024.1/ide/electron-app/lnx64/resources/app/lib/bundle.js:2:7477312\n    at o (file:///home/liujiawei/fpga_projects/tools/vivado/2024.1/Vitis/2024.1/ide/electron-app/lnx64/resources/app/lib/bundle.js:2:7474973)\n    at E.handleContributions (file:///home/liujiawei/fpga_projects/tools/vivado/2024.1/Vitis/2024.1/ide/electron-app/lnx64/resources/app/lib/bundle.js:2:7477267)\n    at U.loadContributions (file:///home/liujiawei/fpga_projects/tools/vivado/2024.1/Vitis/2024.1/ide/electron-app/lnx64/resources/app/lib/bundle.js:2:7304600)\n    at U.doLoad (file:///home/liujiawei/fpga_projects/tools/vivado/2024.1/Vitis/2024.1/ide/electron-app/lnx64/resources/app/lib/bundle.js:2:7302692)\n    at async d.withProgress (file:///home/liujiawei/fpga_projects/tools/vivado/2024.1/Vitis/2024.1/ide/electron-app/lnx64/resources/app/lib/bundle.js:2:2627430)\n    at async file:///home/liujiawei/fpga_projects/tools/vivado/2024.1/Vitis/2024.1/ide/electron-app/lnx64/resources/app/lib/bundle.js:2:7300035"}
2026-04-10 03:21:25 [debug] : Failed to register a menu item for plugin vscode.git contributed to scm/change/title {"0":{"command":"git.revertChange","when":"config.git.enabled && !git.missing && originalResourceScheme == git"},"1":"Error: Could not find submenu with id scm/change/title\n    at d.getMenuNode (file:///home/liujiawei/fpga_projects/tools/vivado/2024.1/Vitis/2024.1/ide/electron-app/lnx64/resources/app/lib/bundle.js:2:2587357)\n    at v.handle (file:///home/liujiawei/fpga_projects/tools/vivado/2024.1/Vitis/2024.1/ide/electron-app/lnx64/resources/app/lib/bundle.js:2:7458306)\n    at file:///home/liujiawei/fpga_projects/tools/vivado/2024.1/Vitis/2024.1/ide/electron-app/lnx64/resources/app/lib/bundle.js:2:7477312\n    at o (file:///home/liujiawei/fpga_projects/tools/vivado/2024.1/Vitis/2024.1/ide/electron-app/lnx64/resources/app/lib/bundle.js:2:7474973)\n    at E.handleContributions (file:///home/liujiawei/fpga_projects/tools/vivado/2024.1/Vitis/2024.1/ide/electron-app/lnx64/resources/app/lib/bundle.js:2:7477267)\n    at U.loadContributions (file:///home/liujiawei/fpga_projects/tools/vivado/2024.1/Vitis/2024.1/ide/electron-app/lnx64/resources/app/lib/bundle.js:2:7304600)\n    at U.doLoad (file:///home/liujiawei/fpga_projects/tools/vivado/2024.1/Vitis/2024.1/ide/electron-app/lnx64/resources/app/lib/bundle.js:2:7302692)\n    at async d.withProgress (file:///home/liujiawei/fpga_projects/tools/vivado/2024.1/Vitis/2024.1/ide/electron-app/lnx64/resources/app/lib/bundle.js:2:2627430)\n    at async file:///home/liujiawei/fpga_projects/tools/vivado/2024.1/Vitis/2024.1/ide/electron-app/lnx64/resources/app/lib/bundle.js:2:7300035"}
2026-04-10 03:21:25 [debug] : [99530e21-7522-4408-ac13-702262cc65d1][vscode.git]: Loaded contributions. 
2026-04-10 03:21:25 [debug] : [99530e21-7522-4408-ac13-702262cc65d1][vscode.make]: Loaded contributions. 
2026-04-10 03:21:25 [debug] : [99530e21-7522-4408-ac13-702262cc65d1] Load contributions of 17 plugins: 530.7 ms [Finished 7.783 s after frontend start] 
2026-04-10 03:21:25 [debug] : Frontend w.onDidInitializeLayout: 65.2 ms [Finished 7.867 s after frontend start] 
2026-04-10 03:21:25 [debug] : Frontend h.onDidInitializeLayout: 16.2 ms [Finished 7.896 s after frontend start] 
2026-04-10 03:21:25 [debug] : Frontend j.onDidInitializeLayout: 16.0 ms [Finished 7.922 s after frontend start] 
2026-04-10 03:21:25 [debug] : Error: view container is disposed
    at n.get containerLayout [as containerLayout] (file:///home/liujiawei/fpga_projects/tools/vivado/2024.1/Vitis/2024.1/ide/electron-app/lnx64/resources/app/lib/bundle.js:2:2475085)
    at n.getParts (file:///home/liujiawei/fpga_projects/tools/vivado/2024.1/Vitis/2024.1/ide/electron-app/lnx64/resources/app/lib/bundle.js:2:2474843)
    at n.getTrackableWidgets (file:///home/liujiawei/fpga_projects/tools/vivado/2024.1/Vitis/2024.1/ide/electron-app/lnx64/resources/app/lib/bundle.js:2:2478201)
    at I.prepareViewContainer (file:///home/liujiawei/fpga_projects/tools/vivado/2024.1/Vitis/2024.1/ide/electron-app/lnx64/resources/app/lib/bundle.js:2:7571250)
    at async file:///home/liujiawei/fpga_projects/tools/vivado/2024.1/Vitis/2024.1/ide/electron-app/lnx64/resources/app/lib/bundle.js:2:7573411
    at async Promise.all (index 2)
    at async I.initWidgets (file:///home/liujiawei/fpga_projects/tools/vivado/2024.1/Vitis/2024.1/ide/electron-app/lnx64/resources/app/lib/bundle.js:2:7574073)
    at async U.doLoad (file:///home/liujiawei/fpga_projects/tools/vivado/2024.1/Vitis/2024.1/ide/electron-app/lnx64/resources/app/lib/bundle.js:2:7302713)
    at async d.withProgress (file:///home/liujiawei/fpga_projects/tools/vivado/2024.1/Vitis/2024.1/ide/electron-app/lnx64/resources/app/lib/bundle.js:2:2627430)
    at async file:///home/liujiawei/fpga_projects/tools/vivado/2024.1/Vitis/2024.1/ide/electron-app/lnx64/resources/app/lib/bundle.js:2:7300035 
2026-04-10 03:21:25 [debug] : Frontend A.onDidInitializeLayout: 0.1 ms [Finished 7.931 s after frontend start] 
2026-04-10 03:21:25 [debug] : Frontend f.onDidInitializeLayout: 3.9 ms [Finished 7.936 s after frontend start] 
2026-04-10 03:21:25 [debug] : Theia configuration directory file:///home/liujiawei/.Xilinx/Vitis/2024.1/.vitisng' 
2026-04-10 03:21:25 [debug] : Theia configuration directory file:///home/liujiawei/.Xilinx/Vitis/2024.1/.vitisng' 
2026-04-10 03:21:25 [debug] : Theia configuration directory file:///home/liujiawei/.Xilinx/Vitis/2024.1/.vitisng' 
2026-04-10 03:21:25 [debug] : Theia configuration directory file:///home/liujiawei/.Xilinx/Vitis/2024.1/.vitisng' 
2026-04-10 03:21:25 [debug] : 'cpp' language is remapped from 'source.cpp.embedded.macro' to 'source.cpp' scope 
2026-04-10 03:21:25 [debug] : a registered grammar configuration for 'cpp' language is overridden 
2026-04-10 03:21:26 [debug] : MonacoEditorModel.fireDidChangeContent - enter - {
  "changes": [
    {
      "range": {
        "startLineNumber": 3,
        "startColumn": 29,
        "endLineNumber": 3,
        "endColumn": 37
      },
      "rangeLength": 8,
      "text": "\"custom\"",
      "rangeOffset": 83,
      "forceMoveMarkers": false
    }
  ],
  "eol": "\n",
  "versionId": 2,
  "isUndoing": false,
  "isRedoing": false,
  "isFlush": false
} {"0":"user-storage:/user/settings.json"}
2026-04-10 03:21:26 [debug] : MonacoEditorModel.markAsDirty - enter {"0":"user-storage:/user/settings.json"}
2026-04-10 03:21:26 [debug] : MonacoEditorModel.cancelSync {"0":"user-storage:/user/settings.json"}
2026-04-10 03:21:26 [debug] : MonacoEditorModel.cancelSave {"0":"user-storage:/user/settings.json"}
2026-04-10 03:21:26 [debug] : MonacoEditorModel.markAsDirty - exit {"0":"user-storage:/user/settings.json"}
2026-04-10 03:21:26 [debug] : MonacoEditorModel.fireDidChangeContent - exit {"0":"user-storage:/user/settings.json"}
2026-04-10 03:21:26 [debug] : MonacoEditorModel.cancelSave {"0":"user-storage:/user/settings.json"}
2026-04-10 03:21:26 [debug] : MonacoEditorModel.cancelSave {"0":"user-storage:/user/settings.json"}
2026-04-10 03:21:26 [debug] : [Application Examples Provider] Templates model update completed. 
2026-04-10 03:21:26 [debug] : [Application Examples Provider] common calling method completed. 
2026-04-10 03:21:26 [debug] : [Application Examples Provider] refresh completed. 
2026-04-10 03:21:26 [debug] : MonacoEditorModel.fireDidChangeContent - enter - {
  "changes": [
    {
      "range": {
        "startLineNumber": 152,
        "startColumn": 1,
        "endLineNumber": 152,
        "endColumn": 1
      },
      "rangeLength": 0,
      "text": "03:21:24 INFO  : Successfully created repository data at /tmp/rigel_lopper_liujiawei17842333135267323783\n03:21:24 INFO  : bash, -c, source /home/liujiawei/fpga_projects/tools/vivado/2024.1/Vitis/2024.1/tps/lnx64/lopper-1.1.0/env/bin/activate && python /home/liujiawei/fpga_projects/tools/vivado/2024.1/Vitis/2024.1/data/embeddedsw/scripts/pyesw//get_template_data.py -d /tmp/rigel_lopper_liujiawei5544363313454889535 -r /tmp/rigel_lopper_liujiawei17842333135267323783/.repo.yaml && deactivate\n",
      "rangeOffset": 13801,
      "forceMoveMarkers": true
    }
  ],
  "eol": "\n",
  "versionId": 2,
  "isUndoing": false,
  "isRedoing": false,
  "isFlush": false
} {"0":"file:///home/liujiawei/ALS_Silicon_Workspace/als-core/logs/vitis.log"}
2026-04-10 03:21:26 [debug] : MonacoEditorModel.markAsDirty - enter {"0":"file:///home/liujiawei/ALS_Silicon_Workspace/als-core/logs/vitis.log"}
2026-04-10 03:21:26 [debug] : MonacoEditorModel.markAsDirty - exit - ignoring dirty changes enabled {"0":"file:///home/liujiawei/ALS_Silicon_Workspace/als-core/logs/vitis.log"}
2026-04-10 03:21:26 [debug] : MonacoEditorModel.fireDidChangeContent - exit {"0":"file:///home/liujiawei/ALS_Silicon_Workspace/als-core/logs/vitis.log"}
2026-04-10 03:21:26 [debug] : MonacoEditorModel.doSync - exit {"0":"file:///home/liujiawei/ALS_Silicon_Workspace/als-core/logs/vitis.log"}
2026-04-10 03:21:26 [debug] : MonacoEditorModel.cancelSync {"0":"file:///home/liujiawei/ALS_Silicon_Workspace/als-core/logs/vitis.log"}
2026-04-10 03:21:26 [debug] : MonacoEditorModel.doSync - enter {"0":"file:///home/liujiawei/ALS_Silicon_Workspace/als-core/logs/vitis.log"}
2026-04-10 03:21:26 [debug] : MonacoEditorModel.cancelSync {"0":"file:///home/liujiawei/ALS_Silicon_Workspace/als-core/logs/vitis.log"}
2026-04-10 03:21:26 [debug] : Opening channel for service path '/services/keytar'. 
2026-04-10 03:21:26 [debug] : Theia configuration directory file:///home/liujiawei/.Xilinx/Vitis/2024.1/.vitisng' 
2026-04-10 03:21:26 [debug] : getTasks(): about to return task information for 0 tasks 
2026-04-10 03:21:26 [debug] : Theia configuration directory file:///home/liujiawei/.Xilinx/Vitis/2024.1/.vitisng' 
2026-04-10 03:21:26 [debug] : Theia configuration directory file:///home/liujiawei/.Xilinx/Vitis/2024.1/.vitisng' 
2026-04-10 03:21:26 [debug] : Theia configuration directory file:///home/liujiawei/.Xilinx/Vitis/2024.1/.vitisng' 
2026-04-10 03:21:26 [debug] : MonacoEditorModel.doSync - exit - cancelled while looking for a resource {"0":"file:///home/liujiawei/ALS_Silicon_Workspace/als-core/logs/vitis.log"}
2026-04-10 03:21:26 [debug] : MonacoEditorModel.doSync - enter {"0":"file:///home/liujiawei/ALS_Silicon_Workspace/als-core/logs/vitis.log"}
2026-04-10 03:21:26 [debug] : Frontend application start: 4582.7 ms [Finished 91.594 s after backend start] 
2026-04-10 03:21:26 [debug] : Replace loading indicator with ready workbench UI (animation): 913.3 ms [Finished 8.857 s after frontend start] 
2026-04-10 03:21:26 [debug] : Changed application state from 'initialized_layout' to 'ready'. 
2026-04-10 03:21:26 [debug] : MonacoEditorModel.cancelSync {"0":"user-storage:/user/settings.json"}
2026-04-10 03:21:26 [debug] : MonacoEditorModel.cancelSave {"0":"user-storage:/user/settings.json"}
2026-04-10 03:21:26 [debug] : MonacoEditorModel.fireDidChangeContent - enter - {
  "changes": [
    {
      "range": {
        "startLineNumber": 154,
        "startColumn": 1,
        "endLineNumber": 154,
        "endColumn": 1
      },
      "rangeLength": 0,
      "text": "03:21:25 INFO  : Embedded Template List generated successfully\n03:21:25 INFO  : bash, -c, source /home/liujiawei/fpga_projects/tools/vivado/2024.1/Vitis/2024.1/tps/lnx64/lopper-1.1.0/env/bin/activate && python /home/liujiawei/fpga_projects/tools/vivado/2024.1/Vitis/2024.1/data/embeddedsw/scripts/pyesw//repo.py -st   /home/liujiawei/fpga_projects/tools/vivado/2024.1/Vitis/2024.1/data/embeddedsw && deactivate\n",
      "rangeOffset": 14294,
      "forceMoveMarkers": true
    }
  ],
  "eol": "\n",
  "versionId": 3,
  "isUndoing": false,
  "isRedoing": false,
  "isFlush": false
} {"0":"file:///home/liujiawei/ALS_Silicon_Workspace/als-core/logs/vitis.log"}
2026-04-10 03:21:26 [debug] : MonacoEditorModel.markAsDirty - enter {"0":"file:///home/liujiawei/ALS_Silicon_Workspace/als-core/logs/vitis.log"}
2026-04-10 03:21:26 [debug] : MonacoEditorModel.markAsDirty - exit - ignoring dirty changes enabled {"0":"file:///home/liujiawei/ALS_Silicon_Workspace/als-core/logs/vitis.log"}
2026-04-10 03:21:26 [debug] : MonacoEditorModel.fireDidChangeContent - exit {"0":"file:///home/liujiawei/ALS_Silicon_Workspace/als-core/logs/vitis.log"}
2026-04-10 03:21:26 [debug] : MonacoEditorModel.doSync - exit {"0":"file:///home/liujiawei/ALS_Silicon_Workspace/als-core/logs/vitis.log"}
2026-04-10 03:21:26 [debug] : [hosted-plugin: 23504] PLUGIN_HOST(23504): PluginManagerExtImpl/init() 
2026-04-10 03:21:26 [debug] : [hosted-plugin: 23504] PLUGIN_HOST(23504): initializing(gitlens@11.7.0 with /home/liujiawei/fpga_projects/tools/vivado/2024.1/Vitis/2024.1/ide/electron-app/lnx64/resources/app/node_modules/@theia/plugin-ext-vscode/lib/node/plugin-vscode-init) 
2026-04-10 03:21:26 [debug] : [hosted-plugin: 23504] PLUGIN_HOST(23504): initializing(serial-monitor@1.0.2 with /home/liujiawei/fpga_projects/tools/vivado/2024.1/Vitis/2024.1/ide/electron-app/lnx64/resources/app/node_modules/@theia/plugin-ext-vscode/lib/node/plugin-vscode-init)
PLUGIN_HOST(23504): initializing(tcf-debug@0.0.1 with /home/liujiawei/fpga_projects/tools/vivado/2024.1/Vitis/2024.1/ide/electron-app/lnx64/resources/app/node_modules/@theia/plugin-ext-vscode/lib/node/plugin-vscode-init)
Debugger contribution has been registered: tcf-debug
PLUGIN_HOST(23504): initializing(cmake@0.0.17 with /home/liujiawei/fpga_projects/tools/vivado/2024.1/Vitis/2024.1/ide/electron-app/lnx64/resources/app/node_modules/@theia/plugin-ext-vscode/lib/node/plugin-vscode-init)
PLUGIN_HOST(23504): initializing(vitis-config@0.0.1 with /home/liujiawei/fpga_projects/tools/vivado/2024.1/Vitis/2024.1/ide/electron-app/lnx64/resources/app/node_modules/@theia/plugin-ext-vscode/lib/node/plugin-vscode-init)
PLUGIN_HOST(23504): initializing(vitis-hls-l1-library@0.0.1 with /home/liujiawei/fpga_projects/tools/vivado/2024.1/Vitis/2024.1/ide/electron-app/lnx64/resources/app/node_modules/@theia/plugin-ext-vscode/lib/node/plugin-vscode-init)
PLUGIN_HOST(23504): initializing(vitis-hls-pragma@0.6.0 with /home/liujiawei/fpga_projects/tools/vivado/2024.1/Vitis/2024.1/ide/electron-app/lnx64/resources/app/node_modules/@theia/plugin-ext-vscode/lib/node/plugin-vscode-init) 
2026-04-10 03:21:26 [debug] : [hosted-plugin: 23504] PLUGIN_HOST(23504): initializing(cpp@1.52.1 with /home/liujiawei/fpga_projects/tools/vivado/2024.1/Vitis/2024.1/ide/electron-app/lnx64/resources/app/node_modules/@theia/plugin-ext-vscode/lib/node/plugin-vscode-init)
PLUGIN_HOST(23504): initializing(github@1.62.3 with /home/liujiawei/fpga_projects/tools/vivado/2024.1/Vitis/2024.1/ide/electron-app/lnx64/resources/app/node_modules/@theia/plugin-ext-vscode/lib/node/plugin-vscode-init)
PLUGIN_HOST(23504): initializing(github-authentication@1.62.3 with /home/liujiawei/fpga_projects/tools/vivado/2024.1/Vitis/2024.1/ide/electron-app/lnx64/resources/app/node_modules/@theia/plugin-ext-vscode/lib/node/plugin-vscode-init)
PLUGIN_HOST(23504): initializing(json@1.52.1 with /home/liujiawei/fpga_projects/tools/vivado/2024.1/Vitis/2024.1/ide/electron-app/lnx64/resources/app/node_modules/@theia/plugin-ext-vscode/lib/node/plugin-vscode-init)
PLUGIN_HOST(23504): initializing(json-language-features@1.52.1 with /home/liujiawei/fpga_projects/tools/vivado/2024.1/Vitis/2024.1/ide/electron-app/lnx64/resources/app/node_modules/@theia/plugin-ext-vscode/lib/node/plugin-vscode-init)
PLUGIN_HOST(23504): initializing(vscode-clangd@0.1.15 with /home/liujiawei/fpga_projects/tools/vivado/2024.1/Vitis/2024.1/ide/electron-app/lnx64/resources/app/node_modules/@theia/plugin-ext-vscode/lib/node/plugin-vscode-init)
PLUGIN_HOST(23504): initializing(material-icon-theme@4.11.0 with /home/liujiawei/fpga_projects/tools/vivado/2024.1/Vitis/2024.1/ide/electron-app/lnx64/resources/app/node_modules/@theia/plugin-ext-vscode/lib/node/plugin-vscode-init)
PLUGIN_HOST(23504): initializing(debug@0.26.1 with /home/liujiawei/fpga_projects/tools/vivado/2024.1/Vitis/2024.1/ide/electron-app/lnx64/resources/app/node_modules/@theia/plugin-ext-vscode/lib/node/plugin-vscode-init)
Debugger contribution has been registered: gdb
Debugger contribution has been registered: lldb-mi
Debugger contribution has been registered: mago-mi
PLUGIN_HOST(23504): initializing(git@1.62.3 with /home/liujiawei/fpga_projects/tools/vivado/2024.1/Vitis/2024.1/ide/electron-app/lnx64/resources/app/node_modules/@theia/plugin-ext-vscode/lib/node/plugin-vscode-init)
PLUGIN_HOST(23504): initializing(make@1.79.0 with /home/liujiawei/fpga_projects/tools/vivado/2024.1/Vitis/2024.1/ide/electron-app/lnx64/resources/app/node_modules/@theia/plugin-ext-vscode/lib/node/plugin-vscode-init) 
2026-04-10 03:21:26 [debug] : [hosted-plugin: 23504] Unsupported activation events: oncommand:gitlens.copyCurrentBranch, please open an issue: https://github.com/eclipse-theia/theia/issues/new 
2026-04-10 03:21:27 [debug] : [hosted-plugin: 23504] PLUGIN_HOST(23504): PluginManagerExtImpl/loadPlugin(/home/liujiawei/fpga_projects/tools/vivado/2024.1/Vitis/2024.1/ide/electron-app/lnx64/resources/app/plugins/vscode.git/extension/dist/main) 
2026-04-10 03:21:27 [debug] : [hosted-plugin: 23504] PLUGIN_HOST(23504): PluginManagerExtImpl/loadPlugin(/home/liujiawei/fpga_projects/tools/vivado/2024.1/Vitis/2024.1/ide/electron-app/lnx64/resources/app/plugins/vscode-builtin-github/extension/dist/extension.js) 
2026-04-10 03:21:27 [debug] : [hosted-plugin: 23504] PLUGIN_HOST(23504): PluginManagerExtImpl/loadPlugin(/home/liujiawei/fpga_projects/tools/vivado/2024.1/Vitis/2024.1/ide/electron-app/lnx64/resources/app/plugins/vscode-builtin-json-language-features/extension/client/dist/node/jsonClientMain) 
2026-04-10 03:21:27 [debug] : [99530e21-7522-4408-ac13-702262cc65d1][eamodio.gitlens]: Started plugin. 
2026-04-10 03:21:27 [debug] : [99530e21-7522-4408-ac13-702262cc65d1][eclipse-cdt.serial-monitor]: Started plugin. 
2026-04-10 03:21:27 [debug] : [99530e21-7522-4408-ac13-702262cc65d1][amd.tcf-debug]: Started plugin. 
2026-04-10 03:21:27 [debug] : [99530e21-7522-4408-ac13-702262cc65d1][twxs.cmake]: Started plugin. 
2026-04-10 03:21:27 [debug] : [99530e21-7522-4408-ac13-702262cc65d1][amd.vitis-config]: Started plugin. 
2026-04-10 03:21:27 [debug] : [99530e21-7522-4408-ac13-702262cc65d1][amd.vitis-hls-l1-library]: Started plugin. 
2026-04-10 03:21:27 [debug] : [99530e21-7522-4408-ac13-702262cc65d1][amd.vitis-hls-pragma]: Started plugin. 
2026-04-10 03:21:27 [debug] : [99530e21-7522-4408-ac13-702262cc65d1][vscode.cpp]: Started plugin. 
2026-04-10 03:21:27 [debug] : [99530e21-7522-4408-ac13-702262cc65d1][vscode.github]: Started plugin. 
2026-04-10 03:21:27 [debug] : [99530e21-7522-4408-ac13-702262cc65d1][vscode.github-authentication]: Started plugin. 
2026-04-10 03:21:27 [debug] : [99530e21-7522-4408-ac13-702262cc65d1][vscode.json]: Started plugin. 
2026-04-10 03:21:27 [debug] : [99530e21-7522-4408-ac13-702262cc65d1][vscode.json-language-features]: Started plugin. 
2026-04-10 03:21:27 [debug] : [99530e21-7522-4408-ac13-702262cc65d1][llvm-vs-code-extensions.vscode-clangd]: Started plugin. 
2026-04-10 03:21:27 [debug] : [99530e21-7522-4408-ac13-702262cc65d1][pkief.material-icon-theme]: Started plugin. 
2026-04-10 03:21:27 [debug] : [99530e21-7522-4408-ac13-702262cc65d1][webfreak.debug]: Started plugin. 
2026-04-10 03:21:27 [debug] : [99530e21-7522-4408-ac13-702262cc65d1][vscode.git]: Started plugin. 
2026-04-10 03:21:27 [debug] : [99530e21-7522-4408-ac13-702262cc65d1][vscode.make]: Started plugin. 
2026-04-10 03:21:27 [debug] : [hosted-plugin: 23504] PLUGIN_HOST(23504): PluginManagerExtImpl/loadPlugin(/home/liujiawei/fpga_projects/tools/vivado/2024.1/Vitis/2024.1/ide/electron-app/lnx64/resources/app/plugins/vscode-material-icon-theme/extension/dist/extension) 
2026-04-10 03:21:27 [debug] : [hosted-plugin: 23504] PLUGIN_HOST(23504): PluginManagerExtImpl/loadPlugin(/home/liujiawei/fpga_projects/tools/vivado/2024.1/Vitis/2024.1/ide/electron-app/lnx64/resources/app/plugins/eclipse-cdt.serial-monitor/extension/dist/desktop/extension.js) 
2026-04-10 03:21:27 [debug] : [hosted-plugin: 23504] PLUGIN_HOST(23504): PluginManagerExtImpl/loadPlugin(/home/liujiawei/fpga_projects/tools/vivado/2024.1/Vitis/2024.1/ide/electron-app/lnx64/resources/app/plugins/eamodio-gitlens/extension/dist/gitlens) 
2026-04-10 03:21:27 [debug] : RIGEL SERVER 03:21:27 INFO  : Successfully created repository data at /home/liujiawei/ALS_Silicon_Workspace/als-core/.wsdata 
2026-04-10 03:21:27 [debug] : RIGEL SERVER 03:21:27 INFO  : bash, -c, source /home/liujiawei/fpga_projects/tools/vivado/2024.1/Vitis/2024.1/tps/lnx64/lopper-1.1.0/env/bin/activate && python /home/liujiawei/fpga_projects/tools/vivado/2024.1/Vitis/2024.1/data/embeddedsw/scripts/pyesw//get_template_data.py -d /tmp/rigel_lopper_liujiawei11782096453431249845 -r /home/liujiawei/ALS_Silicon_Workspace/als-core/.wsdata/.repo.yaml && deactivate 
2026-04-10 03:21:27 [debug] : MonacoEditorModel.cancelSync {"0":"file:///home/liujiawei/ALS_Silicon_Workspace/als-core/logs/vitis.log"}
2026-04-10 03:21:27 [debug] : MonacoEditorModel.doSync - enter {"0":"file:///home/liujiawei/ALS_Silicon_Workspace/als-core/logs/vitis.log"}
2026-04-10 03:21:27 [debug] : MonacoEditorModel.fireDidChangeContent - enter - {
  "changes": [
    {
      "range": {
        "startLineNumber": 156,
        "startColumn": 1,
        "endLineNumber": 156,
        "endColumn": 1
      },
      "rangeLength": 0,
      "text": "03:21:27 INFO  : Successfully created repository data at /home/liujiawei/ALS_Silicon_Workspace/als-core/.wsdata\n03:21:27 INFO  : bash, -c, source /home/liujiawei/fpga_projects/tools/vivado/2024.1/Vitis/2024.1/tps/lnx64/lopper-1.1.0/env/bin/activate && python /home/liujiawei/fpga_projects/tools/vivado/2024.1/Vitis/2024.1/data/embeddedsw/scripts/pyesw//get_template_data.py -d /tmp/rigel_lopper_liujiawei11782096453431249845 -r /home/liujiawei/ALS_Silicon_Workspace/als-core/.wsdata/.repo.yaml && deactivate\n",
      "rangeOffset": 14705,
      "forceMoveMarkers": true
    }
  ],
  "eol": "\n",
  "versionId": 4,
  "isUndoing": false,
  "isRedoing": false,
  "isFlush": false
} {"0":"file:///home/liujiawei/ALS_Silicon_Workspace/als-core/logs/vitis.log"}
2026-04-10 03:21:27 [debug] : MonacoEditorModel.markAsDirty - enter {"0":"file:///home/liujiawei/ALS_Silicon_Workspace/als-core/logs/vitis.log"}
2026-04-10 03:21:27 [debug] : MonacoEditorModel.markAsDirty - exit - ignoring dirty changes enabled {"0":"file:///home/liujiawei/ALS_Silicon_Workspace/als-core/logs/vitis.log"}
2026-04-10 03:21:27 [debug] : MonacoEditorModel.fireDidChangeContent - exit {"0":"file:///home/liujiawei/ALS_Silicon_Workspace/als-core/logs/vitis.log"}
2026-04-10 03:21:27 [debug] : MonacoEditorModel.doSync - exit {"0":"file:///home/liujiawei/ALS_Silicon_Workspace/als-core/logs/vitis.log"}
2026-04-10 03:21:28 [debug] : RIGEL SERVER 03:21:28 INFO  : Embedded Template List generated successfully 
2026-04-10 03:21:28 [debug] : command 'gitlens.clearFileAnnotations' already registered 
2026-04-10 03:21:28 [debug] : command 'gitlens.computingFileAnnotations' already registered 
2026-04-10 03:21:28 [debug] : [99530e21-7522-4408-ac13-702262cc65d1] Start of 17 plugins: 2484.4 ms [Finished 10.467 s after frontend start] 
2026-04-10 03:21:28 [debug] : [Application Examples Provider] Templates model update completed. 
2026-04-10 03:21:28 [debug] : [Application Examples Provider] common calling method completed. 
2026-04-10 03:21:28 [debug] : [Application Examples Provider] refresh completed. 
2026-04-10 03:21:28 [debug] : [hosted-plugin: 23504] PLUGIN_HOST(23504): PluginManagerExtImpl/loadPlugin(/home/liujiawei/fpga_projects/tools/vivado/2024.1/Vitis/2024.1/ide/electron-app/lnx64/resources/app/plugins/vscode-builtin-github-authentication/extension/dist/extension.js) 
2026-04-10 03:21:28 [debug] : MonacoEditorModel.cancelSync {"0":"file:///home/liujiawei/ALS_Silicon_Workspace/als-core/logs/vitis.log"}
2026-04-10 03:21:28 [debug] : MonacoEditorModel.doSync - enter {"0":"file:///home/liujiawei/ALS_Silicon_Workspace/als-core/logs/vitis.log"}
2026-04-10 03:21:28 [debug] : MonacoEditorModel.fireDidChangeContent - enter - {
  "changes": [
    {
      "range": {
        "startLineNumber": 158,
        "startColumn": 1,
        "endLineNumber": 158,
        "endColumn": 1
      },
      "rangeLength": 0,
      "text": "03:21:28 INFO  : Embedded Template List generated successfully\n",
      "rangeOffset": 15213,
      "forceMoveMarkers": true
    }
  ],
  "eol": "\n",
  "versionId": 5,
  "isUndoing": false,
  "isRedoing": false,
  "isFlush": false
} {"0":"file:///home/liujiawei/ALS_Silicon_Workspace/als-core/logs/vitis.log"}
2026-04-10 03:21:28 [debug] : MonacoEditorModel.markAsDirty - enter {"0":"file:///home/liujiawei/ALS_Silicon_Workspace/als-core/logs/vitis.log"}
2026-04-10 03:21:28 [debug] : MonacoEditorModel.markAsDirty - exit - ignoring dirty changes enabled {"0":"file:///home/liujiawei/ALS_Silicon_Workspace/als-core/logs/vitis.log"}
2026-04-10 03:21:28 [debug] : MonacoEditorModel.fireDidChangeContent - exit {"0":"file:///home/liujiawei/ALS_Silicon_Workspace/als-core/logs/vitis.log"}
2026-04-10 03:21:28 [debug] : MonacoEditorModel.doSync - exit {"0":"file:///home/liujiawei/ALS_Silicon_Workspace/als-core/logs/vitis.log"}
2026-04-10 03:21:28 [debug] : An authentication provider with id 'github' was registered. 
2026-04-10 03:21:53 [debug] : Request getPassword failed with error: Error calling StartServiceByName for org.freedesktop.secrets: Timeout was reached {"0":"Error: Error calling StartServiceByName for org.freedesktop.secrets: Timeout was reached"}
2026-04-10 03:21:53 [debug] : Theia configuration directory file:///home/liujiawei/.Xilinx/Vitis/2024.1/.vitisng' 
2026-04-10 03:21:53 [debug] : Theia configuration directory file:///home/liujiawei/.Xilinx/Vitis/2024.1/.vitisng' 
2026-04-10 03:22:16 [debug] : Shutting down because of Close request. 
2026-04-10 03:22:16 [debug] : Closing channel on service path '/services/commands'. 
2026-04-10 03:22:16 [debug] : Closing channel on service path '/services/keyboard'. 
2026-04-10 03:22:16 [debug] : Closing channel on service path '/services/logger'. 
2026-04-10 03:22:16 [debug] : Closing channel on service path '/services/messageService'. 
2026-04-10 03:22:16 [debug] : Closing channel on service path '/services/startup-workspace'. 
2026-04-10 03:22:16 [debug] : Closing channel on service path '/services/remote-filesystem'. 
2026-04-10 03:22:16 [debug] : Closing channel on service path '/services/envs'. 
2026-04-10 03:22:16 [debug] : Closing channel on service path '/services/workspace'. 
2026-04-10 03:22:16 [debug] : Closing channel on service path '/services/stopwatch'. 
2026-04-10 03:22:16 [debug] : Closing channel on service path '/services/application'. 
2026-04-10 03:22:16 [debug] : Closing channel on service path '/services/i18n'. 
2026-04-10 03:22:16 [debug] : Closing channel on service path '/services/hostedPlugin'. 
2026-04-10 03:22:16 [debug] : Closing channel on service path '/services/project'. 
2026-04-10 03:22:16 [debug] : Closing channel on service path '/services/rigel-workspace'. 
2026-04-10 03:22:16 [debug] : Closing channel on service path '/services/component'. 
2026-04-10 03:22:16 [debug] : Closing channel on service path '/services/debugger'. 
2026-04-10 03:22:16 [debug] : Closing channel on service path '/services/debug'. 
2026-04-10 03:22:16 [debug] : Closing channel on service path '/services/shell-terminal'. 
2026-04-10 03:22:16 [debug] : Closing channel on service path '/services/task'. 
2026-04-10 03:22:16 [debug] : a client has disconnected - removed from list: 
2026-04-10 03:22:16 [debug] : Closing channel on service path '/services/quickPick'. 
2026-04-10 03:22:16 [debug] : Closing channel on service path '/services/plugin-ext'. 
2026-04-10 03:22:16 [debug] : Closing channel on service path '/services/plugin-paths'. 
2026-04-10 03:22:16 [debug] : Closing channel on service path '/services/search'. 
2026-04-10 03:22:16 [debug] : Closing channel on service path '/services/vsx-environment'. 
2026-04-10 03:22:16 [debug] : Closing channel on service path '/services/request-service'. 
2026-04-10 03:22:16 [debug] : Closing channel on service path '/services/server'. 
2026-04-10 03:22:16 [debug] : Closing channel on service path '/services/feature-registry'. 
2026-04-10 03:22:16 [debug] : Closing channel on service path '/services/repository'. 
2026-04-10 03:22:16 [debug] : [Repository Server] Disposing objects in backend. 
2026-04-10 03:22:16 [debug] : Closing channel on service path '/services/rigel-utils'. 
2026-04-10 03:22:16 [debug] : [Rigel Utils Server] Disposing objects in backend. 
2026-04-10 03:22:16 [debug] : Closing channel on service path '/services/program_flash'. 
2026-04-10 03:22:16 [debug] : [Program Flash Server] Disposing objects in backend. 
2026-04-10 03:22:16 [debug] : Closing channel on service path '/services/build'. 
2026-04-10 03:22:16 [debug] : [Build Server] Disposing objects in backend. 
2026-04-10 03:22:16 [debug] : Closing channel on service path 'services/rigel-backend-helper'. 
2026-04-10 03:22:16 [debug] : Closing channel on service path '/services/aie'. 
2026-04-10 03:22:16 [debug] : [AIE Server] Disposing objects in backend. 
2026-04-10 03:22:16 [debug] : Closing channel on service path '/services/analysis'. 
2026-04-10 03:22:16 [debug] : Closing channel on service path '/services/notification'. 
2026-04-10 03:22:16 [debug] : Closing channel on service path '/services/recent-summaries'. 
2026-04-10 03:22:16 [debug] : Closing channel on service path '/services/platform'. 
2026-04-10 03:22:16 [debug] : Closing channel on service path '/services/hls/l1library/service'. 
2026-04-10 03:22:16 [debug] : Closing channel on service path '/services/elf-reader'. 
2026-04-10 03:22:16 [debug] : [Elf Reader Server] Disposing objects in backend. 
2026-04-10 03:22:16 [debug] : Closing channel on service path '/services/rigel_explorer'. 
2026-04-10 03:22:16 [debug] : Closing channel on service path '/services/linker-script'. 
2026-04-10 03:22:16 [debug] : Closing channel on service path '/services/rigel-logger'. 
2026-04-10 03:22:16 [debug] : [Logger Server] Disposing objects in backend. 
2026-04-10 03:22:16 [debug] : Closing channel on service path '/services/vitis-hls'. 
2026-04-10 03:22:16 [debug] : Closing channel on service path '/services/device'. 
2026-04-10 03:22:16 [debug] : Closing channel on service path '/services/vcxx'. 
2026-04-10 03:22:16 [debug] : [Rigel Vcxx Server] Disposing objects in backend. 
2026-04-10 03:22:16 [debug] : Closing channel on service path '/services/hls/common/file/service'. 
2026-04-10 03:22:16 [debug] : Closing channel on service path '/services/flow_navigator'. 
2026-04-10 03:22:16 [debug] : Closing channel on service path '/services/hls/common/data/info'. 
2026-04-10 03:22:16 [debug] : Closing channel on service path '/services/hls/dataflow/info'. 
2026-04-10 03:22:16 [debug] : Closing channel on service path '/services/hls/directive'. 
2026-04-10 03:22:16 [debug] : Closing channel on service path '/services/hls_flow'. 
2026-04-10 03:22:16 [debug] : [Hls Flow Server] Disposing objects in backend. 
2026-04-10 03:22:16 [debug] : Closing channel on service path '/services/mini-browser-service'. 
2026-04-10 03:22:16 [debug] : Closing channel on service path '/services/project-utils'. 
2026-04-10 03:22:16 [debug] : Closing channel on service path '/services/bootgen'. 
2026-04-10 03:22:16 [debug] : Closing channel on service path '/services/hls/report'. 
2026-04-10 03:22:16 [debug] : Closing channel on service path '/services/hls/wave/open'. 
2026-04-10 03:22:16 [debug] : Closing channel on service path '/services/search-in-workspace'. 
2026-04-10 03:22:16 [debug] : Closing channel on service path '/services/report-model'. 
2026-04-10 03:22:16 [debug] : Closing channel on service path '/services/keytar'. 
